<?xml version="1.0" encoding="utf-8"?>
<TestRun id="3e18c799-c88c-4c79-ba73-9ecf0e1a9d9f" name="reichert@DESKTOP-N1G2M77 2026-03-17 21:33:09" runUser="DESKTOP-N1G2M77\reichert" xmlns="http://microsoft.com/schemas/VisualStudio/TeamTest/2010">
  <Times creation="2026-03-17T21:33:09.5706032-03:00" queuing="2026-03-17T21:33:09.5706033-03:00" start="2026-03-17T21:33:09.0870642-03:00" finish="2026-03-17T21:33:09.7546771-03:00" />
  <TestSettings name="default" id="66f148e4-9907-416f-a251-de6d5bb97eb4">
    <Deployment runDeploymentRoot="reichert_DESKTOP-N1G2M77_2026-03-17_21_33_09" />
  </TestSettings>
  <Results>
    <UnitTestResult executionId="982c4610-c998-4b77-af38-e12bfa8e7136" testId="1981bcd1-1513-59a3-0565-24ba9e56639a" testName="Mediax.Tests.ResultTests.Map_TransformsValueOnSuccess" computerName="DESKTOP-N1G2M77" duration="00:00:00.0003851" startTime="2026-03-17T21:33:09.5351721-03:00" endTime="2026-03-17T21:33:09.5351722-03:00" testType="13cdc9d9-ddb5-4fa4-a97d-d965ccfc6d4b" outcome="Passed" testListId="8c84fa94-04c1-424b-9868-57a2d4851a1d" relativeResultsDirectory="982c4610-c998-4b77-af38-e12bfa8e7136" />
    <UnitTestResult executionId="eef2363a-6a27-4c77-89d6-3e0f149c2757" testId="2a6593ff-96af-8cf0-449d-7b8c38fc02c4" testName="Mediax.Tests.DecoratorTests.WithTimeout_DispatchesInnerRequest" computerName="DESKTOP-N1G2M77" duration="00:00:00.0016329" startTime="2026-03-17T21:33:09.6077891-03:00" endTime="2026-03-17T21:33:09.6077892-03:00" testType="13cdc9d9-ddb5-4fa4-a97d-d965ccfc6d4b" outcome="Passed" testListId="8c84fa94-04c1-424b-9868-57a2d4851a1d" relativeResultsDirectory="eef2363a-6a27-4c77-89d6-3e0f149c2757" />
    <UnitTestResult executionId="b16c3a79-e8de-4f7b-8425-7435b913b3ea" testId="5efb6f80-d5d5-e8ed-1361-0aee58377ffc" testName="Mediax.Tests.ResultTests.Fail_CreatesFailureResult" computerName="DESKTOP-N1G2M77" duration="00:00:00.0002123" startTime="2026-03-17T21:33:09.5356375-03:00" endTime="2026-03-17T21:33:09.5356376-03:00" testType="13cdc9d9-ddb5-4fa4-a97d-d965ccfc6d4b" outcome="Passed" testListId="8c84fa94-04c1-424b-9868-57a2d4851a1d" relativeResultsDirectory="b16c3a79-e8de-4f7b-8425-7435b913b3ea" />
    <UnitTestResult executionId="1cd444ec-4f86-4b98-bb70-2c54a01ae998" testId="d979fe0f-f97d-efb2-8973-86ae03c79f77" testName="Mediax.Tests.FakeDispatcherTests.FakeDispatcher_TracksDispatchedRequests" computerName="DESKTOP-N1G2M77" duration="00:00:00.0009300" startTime="2026-03-17T21:33:09.7127181-03:00" endTime="2026-03-17T21:33:09.7127182-03:00" testType="13cdc9d9-ddb5-4fa4-a97d-d965ccfc6d4b" outcome="Passed" testListId="8c84fa94-04c1-424b-9868-57a2d4851a1d" relativeResultsDirectory="1cd444ec-4f86-4b98-bb70-2c54a01ae998" />
    <UnitTestResult executionId="05d14913-5754-47b2-b994-a9467758abb1" testId="f545e4ce-e875-1ea7-16eb-d78377397641" testName="Mediax.Tests.StreamTests.Should_Stream_Results_From_Handler" computerName="DESKTOP-N1G2M77" duration="00:00:00.0062521" startTime="2026-03-17T21:33:09.7040954-03:00" endTime="2026-03-17T21:33:09.7040958-03:00" testType="13cdc9d9-ddb5-4fa4-a97d-d965ccfc6d4b" outcome="Passed" testListId="8c84fa94-04c1-424b-9868-57a2d4851a1d" relativeResultsDirectory="05d14913-5754-47b2-b994-a9467758abb1" />
    <UnitTestResult executionId="07d4da62-046d-4bd9-8f12-78b6f7183ceb" testId="361b4c7b-bb03-975b-a9a4-b5c14b669937" testName="Mediax.Tests.BehaviorTests.LogBehavior_DoesNotAffectResult" computerName="DESKTOP-N1G2M77" duration="00:00:00.0012266" startTime="2026-03-17T21:33:09.6030426-03:00" endTime="2026-03-17T21:33:09.6030429-03:00" testType="13cdc9d9-ddb5-4fa4-a97d-d965ccfc6d4b" outcome="Passed" testListId="8c84fa94-04c1-424b-9868-57a2d4851a1d" relativeResultsDirectory="07d4da62-046d-4bd9-8f12-78b6f7183ceb" />
    <UnitTestResult executionId="43d5d6da-a16d-4ce3-bac3-b1226ab2e51c" testId="4e9bfd20-0e44-520c-5aaf-94678020fb79" testName="Mediax.Tests.ResultTests.ImplicitConversion_FromValue" computerName="DESKTOP-N1G2M77" duration="00:00:00.0001972" startTime="2026-03-17T21:33:09.5345328-03:00" endTime="2026-03-17T21:33:09.5345328-03:00" testType="13cdc9d9-ddb5-4fa4-a97d-d965ccfc6d4b" outcome="Passed" testListId="8c84fa94-04c1-424b-9868-57a2d4851a1d" relativeResultsDirectory="43d5d6da-a16d-4ce3-bac3-b1226ab2e51c" />
    <UnitTestResult executionId="e8d33490-aeec-40e8-ad0e-9c6cc059b213" testId="7826fe47-b40e-a848-9ed2-0875e9bada78" testName="Mediax.Tests.ErrorTests.NotFound_SetsCorrectType" computerName="DESKTOP-N1G2M77" duration="00:00:00.0001385" startTime="2026-03-17T21:33:09.5807329-03:00" endTime="2026-03-17T21:33:09.5807330-03:00" testType="13cdc9d9-ddb5-4fa4-a97d-d965ccfc6d4b" outcome="Passed" testListId="8c84fa94-04c1-424b-9868-57a2d4851a1d" relativeResultsDirectory="e8d33490-aeec-40e8-ad0e-9c6cc059b213" />
    <UnitTestResult executionId="08c5f192-a6af-4586-a803-b75c44bcc133" testId="57cc85f3-432b-c5be-d6b1-723bd7440b96" testName="Mediax.Tests.FakeDispatcherTests.FakeDispatcher_Fails_ReturnsFailureResult" computerName="DESKTOP-N1G2M77" duration="00:00:00.0005225" startTime="2026-03-17T21:33:09.7142608-03:00" endTime="2026-03-17T21:33:09.7142609-03:00" testType="13cdc9d9-ddb5-4fa4-a97d-d965ccfc6d4b" outcome="Passed" testListId="8c84fa94-04c1-424b-9868-57a2d4851a1d" relativeResultsDirectory="08c5f192-a6af-4586-a803-b75c44bcc133" />
    <UnitTestResult executionId="c9d569e0-45a3-4bae-8427-edc33776e801" testId="7a50c891-c83d-5d81-57f5-740069b1984f" testName="Mediax.Tests.ResultTests.ImplicitConversion_FromError" computerName="DESKTOP-N1G2M77" duration="00:00:00.0003230" startTime="2026-03-17T21:33:09.5347741-03:00" endTime="2026-03-17T21:33:09.5347742-03:00" testType="13cdc9d9-ddb5-4fa4-a97d-d965ccfc6d4b" outcome="Passed" testListId="8c84fa94-04c1-424b-9868-57a2d4851a1d" relativeResultsDirectory="c9d569e0-45a3-4bae-8427-edc33776e801" />
    <UnitTestResult executionId="6227b0ff-ba99-42eb-aea0-ce24af672598" testId="7cfaa768-8331-fb80-8dc7-2cac329179c5" testName="Mediax.Tests.DebugabilityTests.PlumbingMethods_HaveDebuggerStepThroughAttribute(methodName: &quot;Publish&quot;)" computerName="DESKTOP-N1G2M77" duration="00:00:00.0002069" startTime="2026-03-17T21:33:09.6958501-03:00" endTime="2026-03-17T21:33:09.6958502-03:00" testType="13cdc9d9-ddb5-4fa4-a97d-d965ccfc6d4b" outcome="Failed" testListId="8c84fa94-04c1-424b-9868-57a2d4851a1d" relativeResultsDirectory="6227b0ff-ba99-42eb-aea0-ce24af672598">
      <Output>
        <ErrorInfo>
          <Message>System.Reflection.AmbiguousMatchException : Multiple custom attributes of the same type 'System.Diagnostics.DebuggerStepThroughAttribute' found.</Message>
          <StackTrace>   at System.Attribute.GetCustomAttribute(MemberInfo element, Type attributeType, Boolean inherit)&#xD;
   at System.Reflection.CustomAttributeExtensions.GetCustomAttribute[T](MemberInfo element)&#xD;
   at Mediax.Tests.DebugabilityTests.PlumbingMethods_HaveDebuggerStepThroughAttribute(String methodName) in C:\Users\reichert\Desktop\mediax\tests\Mediax.Tests\DebugabilityTests.cs:line 95&#xD;
   at InvokeStub_DebugabilityTests.PlumbingMethods_HaveDebuggerStepThroughAttribute(Object, Span`1)&#xD;
   at System.Reflection.MethodBaseInvoker.InvokeWithOneArg(Object obj, BindingFlags invokeAttr, Binder binder, Object[] parameters, CultureInfo culture)</StackTrace>
        </ErrorInfo>
      </Output>
    </UnitTestResult>
    <UnitTestResult executionId="7c555510-3df7-4304-8bf1-3d7d035a6c06" testId="f5ded6f3-3095-9752-4f5b-4f9ba465b7b3" testName="Mediax.Tests.DispatchTests.Dispatch_Command_ReturnsSum" computerName="DESKTOP-N1G2M77" duration="00:00:00.0059645" startTime="2026-03-17T21:33:09.5632095-03:00" endTime="2026-03-17T21:33:09.5632099-03:00" testType="13cdc9d9-ddb5-4fa4-a97d-d965ccfc6d4b" outcome="Passed" testListId="8c84fa94-04c1-424b-9868-57a2d4851a1d" relativeResultsDirectory="7c555510-3df7-4304-8bf1-3d7d035a6c06" />
    <UnitTestResult executionId="9328c621-4ff5-4ad9-9ad3-28d0b828852d" testId="cd30d56e-a0d3-7eb4-b3df-2114a5188e59" testName="Mediax.Tests.FakeDispatcherTests.FakeDispatcher_Returns_ConfiguredValue" computerName="DESKTOP-N1G2M77" duration="00:00:00.0002730" startTime="2026-03-17T21:33:09.7145606-03:00" endTime="2026-03-17T21:33:09.7145606-03:00" testType="13cdc9d9-ddb5-4fa4-a97d-d965ccfc6d4b" outcome="Passed" testListId="8c84fa94-04c1-424b-9868-57a2d4851a1d" relativeResultsDirectory="9328c621-4ff5-4ad9-9ad3-28d0b828852d" />
    <UnitTestResult executionId="4348b056-2ab1-4c17-b74c-bce94c3ced9b" testId="e5bbd0f5-d880-f15b-28df-0e6869b765e2" testName="Mediax.Tests.ResultTests.Match_CallsFailBranchOnFailure" computerName="DESKTOP-N1G2M77" duration="00:00:00.0002458" startTime="2026-03-17T21:33:09.5542943-03:00" endTime="2026-03-17T21:33:09.5542944-03:00" testType="13cdc9d9-ddb5-4fa4-a97d-d965ccfc6d4b" outcome="Passed" testListId="8c84fa94-04c1-424b-9868-57a2d4851a1d" relativeResultsDirectory="4348b056-2ab1-4c17-b74c-bce94c3ced9b" />
    <UnitTestResult executionId="bb343da5-07b7-4345-a8f8-ec4e72a06b1f" testId="1b9d6369-04cc-04c5-6ab2-e7e6b0ab0c5a" testName="Mediax.Tests.ResultTests.Bind_ChainsResultsOnSuccess" computerName="DESKTOP-N1G2M77" duration="00:00:00.0021092" startTime="2026-03-17T21:33:09.5344994-03:00" endTime="2026-03-17T21:33:09.5344995-03:00" testType="13cdc9d9-ddb5-4fa4-a97d-d965ccfc6d4b" outcome="Passed" testListId="8c84fa94-04c1-424b-9868-57a2d4851a1d" relativeResultsDirectory="bb343da5-07b7-4345-a8f8-ec4e72a06b1f" />
    <UnitTestResult executionId="acfa45df-411a-424c-aabf-a4892dbb866e" testId="e62cd454-7839-15be-3c5e-d09f701a7b71" testName="Mediax.Tests.DebugabilityTests.GeneratedDispatcher_HasMethodNamedAfterHandler_NotIndex" computerName="DESKTOP-N1G2M77" duration="00:00:00.0004074" startTime="2026-03-17T21:33:09.6950399-03:00" endTime="2026-03-17T21:33:09.6950400-03:00" testType="13cdc9d9-ddb5-4fa4-a97d-d965ccfc6d4b" outcome="Passed" testListId="8c84fa94-04c1-424b-9868-57a2d4851a1d" relativeResultsDirectory="acfa45df-411a-424c-aabf-a4892dbb866e" />
    <UnitTestResult executionId="f2291cd7-a91b-49da-a22a-eedfb9c21402" testId="8801b016-3cef-b69c-0cb3-62205e01eaca" testName="Mediax.Tests.ResultTests.Ok_CreatesSuccessResult" computerName="DESKTOP-N1G2M77" duration="00:00:00.0003398" startTime="2026-03-17T21:33:09.5341887-03:00" endTime="2026-03-17T21:33:09.5341888-03:00" testType="13cdc9d9-ddb5-4fa4-a97d-d965ccfc6d4b" outcome="Passed" testListId="8c84fa94-04c1-424b-9868-57a2d4851a1d" relativeResultsDirectory="f2291cd7-a91b-49da-a22a-eedfb9c21402" />
    <UnitTestResult executionId="5822793d-edb8-4646-84c0-0b7d47479681" testId="74c21ce1-f578-bb20-68d3-645ac6415a5d" testName="Mediax.Tests.EventTests.Event_Publish_CallsAllHandlers" computerName="DESKTOP-N1G2M77" duration="00:00:00.0031782" startTime="2026-03-17T21:33:09.5836030-03:00" endTime="2026-03-17T21:33:09.5836034-03:00" testType="13cdc9d9-ddb5-4fa4-a97d-d965ccfc6d4b" outcome="Passed" testListId="8c84fa94-04c1-424b-9868-57a2d4851a1d" relativeResultsDirectory="5822793d-edb8-4646-84c0-0b7d47479681" />
    <UnitTestResult executionId="7b6d41e4-6a34-41e3-82e7-2e28233a609a" testId="185f4ee2-5818-0776-682f-d0caa5c97284" testName="Mediax.Tests.DebugabilityTests.MediaxDispatcher_DoesNotHaveCompilerGeneratedAttribute" computerName="DESKTOP-N1G2M77" duration="00:00:00.0000843" startTime="2026-03-17T21:33:09.6972060-03:00" endTime="2026-03-17T21:33:09.6972061-03:00" testType="13cdc9d9-ddb5-4fa4-a97d-d965ccfc6d4b" outcome="Passed" testListId="8c84fa94-04c1-424b-9868-57a2d4851a1d" relativeResultsDirectory="7b6d41e4-6a34-41e3-82e7-2e28233a609a" />
    <UnitTestResult executionId="e5ee15d7-b803-42e9-8049-f94f1c89af1e" testId="ff9d4728-72b7-ffef-b0d2-da3fbbf96113" testName="Mediax.Tests.DebugabilityTests.CastWrapperMethods_HaveDebuggerStepThrough" computerName="DESKTOP-N1G2M77" duration="00:00:00.0002430" startTime="2026-03-17T21:33:09.6974727-03:00" endTime="2026-03-17T21:33:09.6974728-03:00" testType="13cdc9d9-ddb5-4fa4-a97d-d965ccfc6d4b" outcome="Passed" testListId="8c84fa94-04c1-424b-9868-57a2d4851a1d" relativeResultsDirectory="e5ee15d7-b803-42e9-8049-f94f1c89af1e" />
    <UnitTestResult executionId="0e3d50ea-c479-4631-8870-f65e1de4073f" testId="728cbc1e-917a-92a1-a484-762afd2baffa" testName="Mediax.Tests.DispatchTests.Dispatch_FailingCommand_ReturnsFailResult" computerName="DESKTOP-N1G2M77" duration="00:00:00.0016329" startTime="2026-03-17T21:33:09.5649136-03:00" endTime="2026-03-17T21:33:09.5649141-03:00" testType="13cdc9d9-ddb5-4fa4-a97d-d965ccfc6d4b" outcome="Passed" testListId="8c84fa94-04c1-424b-9868-57a2d4851a1d" relativeResultsDirectory="0e3d50ea-c479-4631-8870-f65e1de4073f" />
    <UnitTestResult executionId="c167a19c-60d8-4f9d-85a7-e259ac54808b" testId="ed2f7708-6751-ca5a-1133-2841f261112e" testName="Mediax.Tests.ResultTests.Map_PreservesErrorOnFailure" computerName="DESKTOP-N1G2M77" duration="00:00:00.0002155" startTime="2026-03-17T21:33:09.5354031-03:00" endTime="2026-03-17T21:33:09.5354032-03:00" testType="13cdc9d9-ddb5-4fa4-a97d-d965ccfc6d4b" outcome="Passed" testListId="8c84fa94-04c1-424b-9868-57a2d4851a1d" relativeResultsDirectory="c167a19c-60d8-4f9d-85a7-e259ac54808b" />
    <UnitTestResult executionId="276be6cf-f8e9-481f-b38d-16c3ec3b18de" testId="634aae4b-e378-5508-52a5-47bc673b20ea" testName="Mediax.Tests.StreamTests.Should_Stream_Results_Via_Static_Extension" computerName="DESKTOP-N1G2M77" duration="00:00:00.0050889" startTime="2026-03-17T21:33:09.7095162-03:00" endTime="2026-03-17T21:33:09.7095165-03:00" testType="13cdc9d9-ddb5-4fa4-a97d-d965ccfc6d4b" outcome="Passed" testListId="8c84fa94-04c1-424b-9868-57a2d4851a1d" relativeResultsDirectory="276be6cf-f8e9-481f-b38d-16c3ec3b18de" />
    <UnitTestResult executionId="4930fd38-cb6c-4ca7-8251-26344f28f418" testId="66ca53d7-7e82-5d5f-cfad-f7ee01a684c8" testName="Mediax.Tests.DecoratorTests.WithRetry_WrapsRequest_InRetryDecorator" computerName="DESKTOP-N1G2M77" duration="00:00:00.0001962" startTime="2026-03-17T21:33:09.6042457-03:00" endTime="2026-03-17T21:33:09.6042458-03:00" testType="13cdc9d9-ddb5-4fa4-a97d-d965ccfc6d4b" outcome="Passed" testListId="8c84fa94-04c1-424b-9868-57a2d4851a1d" relativeResultsDirectory="4930fd38-cb6c-4ca7-8251-26344f28f418" />
    <UnitTestResult executionId="6c918b89-761c-4c8a-8346-582b9a9b8884" testId="22a724bc-d757-801a-1d1e-bc20290b5da3" testName="Mediax.Tests.ResultTests.Match_CallsOkBranchOnSuccess" computerName="DESKTOP-N1G2M77" duration="00:00:00.0002795" startTime="2026-03-17T21:33:09.5359510-03:00" endTime="2026-03-17T21:33:09.5359510-03:00" testType="13cdc9d9-ddb5-4fa4-a97d-d965ccfc6d4b" outcome="Passed" testListId="8c84fa94-04c1-424b-9868-57a2d4851a1d" relativeResultsDirectory="6c918b89-761c-4c8a-8346-582b9a9b8884" />
    <UnitTestResult executionId="65c8c809-7bf9-4291-a3d6-21e0554b9430" testId="99beb980-285b-eda1-dea4-4cdbb8932c22" testName="Mediax.Tests.BehaviorTests.ValidationBehavior_ReturnsValidationError_WhenValidatorFails" computerName="DESKTOP-N1G2M77" duration="00:00:00.0171772" startTime="2026-03-17T21:33:09.6009503-03:00" endTime="2026-03-17T21:33:09.6009508-03:00" testType="13cdc9d9-ddb5-4fa4-a97d-d965ccfc6d4b" outcome="Passed" testListId="8c84fa94-04c1-424b-9868-57a2d4851a1d" relativeResultsDirectory="65c8c809-7bf9-4291-a3d6-21e0554b9430" />
    <UnitTestResult executionId="3f6357bb-fd2b-401e-bfcd-a9d670a34fc5" testId="b96510e8-879d-408d-a078-950dbf6ccd6b" testName="Mediax.Tests.ErrorTests.Internal_SetsInternalType" computerName="DESKTOP-N1G2M77" duration="00:00:00.0000889" startTime="2026-03-17T21:33:09.5807493-03:00" endTime="2026-03-17T21:33:09.5807494-03:00" testType="13cdc9d9-ddb5-4fa4-a97d-d965ccfc6d4b" outcome="Passed" testListId="8c84fa94-04c1-424b-9868-57a2d4851a1d" relativeResultsDirectory="3f6357bb-fd2b-401e-bfcd-a9d670a34fc5" />
    <UnitTestResult executionId="048d7098-6473-4b79-bdf0-134f902bcbc9" testId="d5c31177-c6e4-c783-ab62-a7202e3f5c8e" testName="Mediax.Tests.ErrorTests.Conflict_SetsConflictType" computerName="DESKTOP-N1G2M77" duration="00:00:00.0005057" startTime="2026-03-17T21:33:09.5777850-03:00" endTime="2026-03-17T21:33:09.5777851-03:00" testType="13cdc9d9-ddb5-4fa4-a97d-d965ccfc6d4b" outcome="Passed" testListId="8c84fa94-04c1-424b-9868-57a2d4851a1d" relativeResultsDirectory="048d7098-6473-4b79-bdf0-134f902bcbc9" />
    <UnitTestResult executionId="f827cf2a-f4b3-410a-b1bb-12139a14134b" testId="a2187dde-7c1b-c5fb-4e10-3a5964980b06" testName="Mediax.Tests.ErrorTests.DefaultMessage_GeneratedWhenNullPassed" computerName="DESKTOP-N1G2M77" duration="00:00:00.0001541" startTime="2026-03-17T21:33:09.5807099-03:00" endTime="2026-03-17T21:33:09.5807099-03:00" testType="13cdc9d9-ddb5-4fa4-a97d-d965ccfc6d4b" outcome="Passed" testListId="8c84fa94-04c1-424b-9868-57a2d4851a1d" relativeResultsDirectory="f827cf2a-f4b3-410a-b1bb-12139a14134b" />
    <UnitTestResult executionId="7bc6e2d4-ecd8-4005-9318-f472b8791a4b" testId="f686e3bf-9852-4dfd-9ce7-cea92886cd03" testName="Mediax.Tests.DebugabilityTests.MediaxStaticHandlers_HasCompilerGeneratedAttribute" computerName="DESKTOP-N1G2M77" duration="00:00:00.0001549" startTime="2026-03-17T21:33:09.6971043-03:00" endTime="2026-03-17T21:33:09.6971044-03:00" testType="13cdc9d9-ddb5-4fa4-a97d-d965ccfc6d4b" outcome="Passed" testListId="8c84fa94-04c1-424b-9868-57a2d4851a1d" relativeResultsDirectory="7bc6e2d4-ecd8-4005-9318-f472b8791a4b" />
    <UnitTestResult executionId="ee661ec9-8801-4e58-be22-97032458888f" testId="21409ba4-0a8f-3d5b-c964-dfd0b8704934" testName="Mediax.Tests.DebugabilityTests.GeneratedDispatcher_AllHandlersHaveNamedMethods" computerName="DESKTOP-N1G2M77" duration="00:00:00.0008536" startTime="2026-03-17T21:33:09.6958964-03:00" endTime="2026-03-17T21:33:09.6958964-03:00" testType="13cdc9d9-ddb5-4fa4-a97d-d965ccfc6d4b" outcome="Passed" testListId="8c84fa94-04c1-424b-9868-57a2d4851a1d" relativeResultsDirectory="ee661ec9-8801-4e58-be22-97032458888f" />
    <UnitTestResult executionId="808282f2-1326-4240-9980-36496742f53f" testId="e81a8697-869c-d876-4004-04c1b25e7658" testName="Mediax.Tests.BehaviorTests.ValidationBehavior_PassesWhenValidatorsPass" computerName="DESKTOP-N1G2M77" duration="00:00:00.0007770" startTime="2026-03-17T21:33:09.6017646-03:00" endTime="2026-03-17T21:33:09.6017647-03:00" testType="13cdc9d9-ddb5-4fa4-a97d-d965ccfc6d4b" outcome="Passed" testListId="8c84fa94-04c1-424b-9868-57a2d4851a1d" relativeResultsDirectory="808282f2-1326-4240-9980-36496742f53f" />
    <UnitTestResult executionId="f573b0cf-a697-4aab-9331-1518899e748a" testId="5b87444b-a07e-7ba3-fdcc-b6c4ba1f9b0a" testName="Mediax.Tests.DispatchTests.Dispatch_Query_ReturnsEchoedMessage" computerName="DESKTOP-N1G2M77" duration="00:00:00.0118705" startTime="2026-03-17T21:33:09.5771402-03:00" endTime="2026-03-17T21:33:09.5771407-03:00" testType="13cdc9d9-ddb5-4fa4-a97d-d965ccfc6d4b" outcome="Passed" testListId="8c84fa94-04c1-424b-9868-57a2d4851a1d" relativeResultsDirectory="f573b0cf-a697-4aab-9331-1518899e748a" />
    <UnitTestResult executionId="4c8f3463-7f6b-44d3-9f94-506e2f36c4b2" testId="6ea2aeb8-cb4d-d9df-cd3e-739851e60a2c" testName="Mediax.Tests.ResultTests.Bind_ShortCircuitsOnFailure" computerName="DESKTOP-N1G2M77" duration="00:00:00.0100931" startTime="2026-03-17T21:33:09.5320684-03:00" endTime="2026-03-17T21:33:09.5320844-03:00" testType="13cdc9d9-ddb5-4fa4-a97d-d965ccfc6d4b" outcome="Passed" testListId="8c84fa94-04c1-424b-9868-57a2d4851a1d" relativeResultsDirectory="4c8f3463-7f6b-44d3-9f94-506e2f36c4b2" />
    <UnitTestResult executionId="fa84b17f-54d1-4efe-a132-2013f4d4670b" testId="c4739169-40a5-55fa-cf5c-7951bc54fa9b" testName="Mediax.Tests.DispatchTests.Query_IsQuery_ReturnsTrue" computerName="DESKTOP-N1G2M77" duration="00:00:00.0176727" startTime="2026-03-17T21:33:09.5557316-03:00" endTime="2026-03-17T21:33:09.5557318-03:00" testType="13cdc9d9-ddb5-4fa4-a97d-d965ccfc6d4b" outcome="Passed" testListId="8c84fa94-04c1-424b-9868-57a2d4851a1d" relativeResultsDirectory="fa84b17f-54d1-4efe-a132-2013f4d4670b" />
    <UnitTestResult executionId="80f23b4f-48d0-497c-a573-249f764e9d45" testId="6b8b80a9-33ce-dcb8-0668-e9e9cf161c73" testName="Mediax.Tests.AdvancedGeneratorTests.ScopedHandler_UsingStatement_DisposesAfterSend" computerName="DESKTOP-N1G2M77" duration="00:00:00.0010682" startTime="2026-03-17T21:33:09.6650368-03:00" endTime="2026-03-17T21:33:09.6650369-03:00" testType="13cdc9d9-ddb5-4fa4-a97d-d965ccfc6d4b" outcome="Passed" testListId="8c84fa94-04c1-424b-9868-57a2d4851a1d" relativeResultsDirectory="80f23b4f-48d0-497c-a573-249f764e9d45" />
    <UnitTestResult executionId="c81702f4-4bc1-4c4d-a737-9422fbef95af" testId="353b0a2e-cd01-a0cd-1c34-ad6c1690a636" testName="Mediax.Tests.FakeDispatcherTests.FakeDispatcher_Returns_FactoryValue" computerName="DESKTOP-N1G2M77" duration="00:00:00.0006544" startTime="2026-03-17T21:33:09.7134109-03:00" endTime="2026-03-17T21:33:09.7134109-03:00" testType="13cdc9d9-ddb5-4fa4-a97d-d965ccfc6d4b" outcome="Passed" testListId="8c84fa94-04c1-424b-9868-57a2d4851a1d" relativeResultsDirectory="c81702f4-4bc1-4c4d-a737-9422fbef95af" />
    <UnitTestResult executionId="823eddc5-5f9e-455e-8d2e-35a6addfa792" testId="47651d43-dc2e-db27-1273-c893a8f7d738" testName="Mediax.Tests.FakeDispatcherTests.FakeDispatcher_ReturnsDefaultForUnregisteredRequest" computerName="DESKTOP-N1G2M77" duration="00:00:00.0002783" startTime="2026-03-17T21:33:09.7137084-03:00" endTime="2026-03-17T21:33:09.7137085-03:00" testType="13cdc9d9-ddb5-4fa4-a97d-d965ccfc6d4b" outcome="Passed" testListId="8c84fa94-04c1-424b-9868-57a2d4851a1d" relativeResultsDirectory="823eddc5-5f9e-455e-8d2e-35a6addfa792" />
    <UnitTestResult executionId="756b95df-d071-401e-88aa-5c69ca0753fe" testId="55bfc73b-e07a-c3ab-5ccf-809e8bee09c2" testName="Mediax.Tests.DecoratorTests.WithRetry_DispatchesInnerRequest" computerName="DESKTOP-N1G2M77" duration="00:00:00.0018394" startTime="2026-03-17T21:33:09.6061178-03:00" endTime="2026-03-17T21:33:09.6061180-03:00" testType="13cdc9d9-ddb5-4fa4-a97d-d965ccfc6d4b" outcome="Passed" testListId="8c84fa94-04c1-424b-9868-57a2d4851a1d" relativeResultsDirectory="756b95df-d071-401e-88aa-5c69ca0753fe" />
    <UnitTestResult executionId="3b569ced-01d8-46e9-8a67-fbf1d82217e5" testId="aaaceb3a-c221-364c-dc5d-44bd9838dfaa" testName="Mediax.Tests.DecoratorTests.WithTimeout_WrapsRequest_InTimeoutDecorator" computerName="DESKTOP-N1G2M77" duration="00:00:00.0008432" startTime="2026-03-17T21:33:09.6039925-03:00" endTime="2026-03-17T21:33:09.6039925-03:00" testType="13cdc9d9-ddb5-4fa4-a97d-d965ccfc6d4b" outcome="Passed" testListId="8c84fa94-04c1-424b-9868-57a2d4851a1d" relativeResultsDirectory="3b569ced-01d8-46e9-8a67-fbf1d82217e5" />
    <UnitTestResult executionId="aa680197-055d-48db-9c7f-680bd5f6265a" testId="7ae990ad-e3a4-c985-bc07-83d3e35f723d" testName="Mediax.Tests.ErrorTests.Validation_IncludesDetails" computerName="DESKTOP-N1G2M77" duration="00:00:00.0019688" startTime="2026-03-17T21:33:09.5798048-03:00" endTime="2026-03-17T21:33:09.5798049-03:00" testType="13cdc9d9-ddb5-4fa4-a97d-d965ccfc6d4b" outcome="Passed" testListId="8c84fa94-04c1-424b-9868-57a2d4851a1d" relativeResultsDirectory="aa680197-055d-48db-9c7f-680bd5f6265a" />
    <UnitTestResult executionId="a8275f01-d78a-43a6-b32c-de8f80ac8e6a" testId="a99058aa-5b0c-1d2e-5871-bada5aa27a1f" testName="Mediax.Tests.DebugabilityTests.GeneratedDispatcher_HasNoIndexBasedDispatchMethod" computerName="DESKTOP-N1G2M77" duration="00:00:00.0014845" startTime="2026-03-17T21:33:09.6969054-03:00" endTime="2026-03-17T21:33:09.6969055-03:00" testType="13cdc9d9-ddb5-4fa4-a97d-d965ccfc6d4b" outcome="Passed" testListId="8c84fa94-04c1-424b-9868-57a2d4851a1d" relativeResultsDirectory="a8275f01-d78a-43a6-b32c-de8f80ac8e6a" />
    <UnitTestResult executionId="e1ae5b57-8636-4438-a1dc-0a2349266ae8" testId="5ef257e5-e761-7618-e981-ead033c7978a" testName="Mediax.Tests.DispatchTests.Command_IsCommand_ReturnsTrue" computerName="DESKTOP-N1G2M77" duration="00:00:00.0002418" startTime="2026-03-17T21:33:09.5651900-03:00" endTime="2026-03-17T21:33:09.5651901-03:00" testType="13cdc9d9-ddb5-4fa4-a97d-d965ccfc6d4b" outcome="Passed" testListId="8c84fa94-04c1-424b-9868-57a2d4851a1d" relativeResultsDirectory="e1ae5b57-8636-4438-a1dc-0a2349266ae8" />
    <UnitTestResult executionId="1c238201-3a63-44b7-8b64-310d950cf176" testId="46fb776e-9f92-0dc8-a4aa-66ca8effc894" testName="Mediax.Tests.FakeDispatcherTests.FakeDispatcher_Reset_ClearsState" computerName="DESKTOP-N1G2M77" duration="00:00:00.0018944" startTime="2026-03-17T21:33:09.7117390-03:00" endTime="2026-03-17T21:33:09.7117393-03:00" testType="13cdc9d9-ddb5-4fa4-a97d-d965ccfc6d4b" outcome="Passed" testListId="8c84fa94-04c1-424b-9868-57a2d4851a1d" relativeResultsDirectory="1c238201-3a63-44b7-8b64-310d950cf176" />
    <UnitTestResult executionId="88eb1bb5-0ea9-43aa-8995-d4274e7c1e92" testId="eb1f6a1f-fe20-34ae-4a03-45d5ac1fcd4c" testName="Mediax.Tests.AdvancedGeneratorTests.AsyncLocal_ParallelTests_DoNotInterfere" computerName="DESKTOP-N1G2M77" duration="00:00:00.0539151" startTime="2026-03-17T21:33:09.6632611-03:00" endTime="2026-03-17T21:33:09.6632616-03:00" testType="13cdc9d9-ddb5-4fa4-a97d-d965ccfc6d4b" outcome="Passed" testListId="8c84fa94-04c1-424b-9868-57a2d4851a1d" relativeResultsDirectory="88eb1bb5-0ea9-43aa-8995-d4274e7c1e92" />
    <UnitTestResult executionId="c556059d-50aa-44c5-9749-d0a72a000541" testId="352f126e-7407-f197-a0c0-cbf589277771" testName="Mediax.Tests.DebugabilityTests.NamedDispatchMethods_DoNotHaveDebuggerStepThrough" computerName="DESKTOP-N1G2M77" duration="00:00:00.0239697" startTime="2026-03-17T21:33:09.6948455-03:00" endTime="2026-03-17T21:33:09.6948458-03:00" testType="13cdc9d9-ddb5-4fa4-a97d-d965ccfc6d4b" outcome="Failed" testListId="8c84fa94-04c1-424b-9868-57a2d4851a1d" relativeResultsDirectory="c556059d-50aa-44c5-9749-d0a72a000541">
      <Output>
        <ErrorInfo>
          <Message>Expected method.GetCustomAttribute&lt;DebuggerStepThroughAttribute&gt;() to be &lt;null&gt; because Dispatch_TrackedScopedHandler should NOT have [DebuggerStepThrough] — it is a breakpoint target, but found System.Diagnostics.DebuggerStepThroughAttribute&#xD;
{&#xD;
    TypeId = System.Diagnostics.DebuggerStepThroughAttribute&#xD;
}.</Message>
          <StackTrace>   at FluentAssertions.Execution.LateBoundTestFramework.Throw(String message)&#xD;
   at FluentAssertions.Execution.DefaultAssertionStrategy.HandleFailure(String message)&#xD;
   at FluentAssertions.Execution.AssertionScope.AddPreFormattedFailure(String formattedFailureMessage)&#xD;
   at FluentAssertions.Execution.AssertionChain.FailWith(Func`1 getFailureReason)&#xD;
   at FluentAssertions.Execution.AssertionChain.FailWith(Func`1 getFailureReason)&#xD;
   at FluentAssertions.Execution.AssertionChain.FailWith(String message, Object[] args)&#xD;
   at FluentAssertions.Primitives.ReferenceTypeAssertions`2.BeNull(String because, Object[] becauseArgs)&#xD;
   at Mediax.Tests.DebugabilityTests.NamedDispatchMethods_DoNotHaveDebuggerStepThrough() in C:\Users\reichert\Desktop\mediax\tests\Mediax.Tests\DebugabilityTests.cs:line 110&#xD;
   at System.Reflection.MethodBaseInvoker.InterpretedInvoke_Method(Object obj, IntPtr* args)&#xD;
   at System.Reflection.MethodBaseInvoker.InvokeWithNoArgs(Object obj, BindingFlags invokeAttr)</StackTrace>
        </ErrorInfo>
      </Output>
    </UnitTestResult>
    <UnitTestResult executionId="67c02094-1d4f-48fe-be9e-e2c68e1986dd" testId="8b2250b3-0f1e-7788-5bb5-e65e5243ce8e" testName="Mediax.Tests.DebugabilityTests.PlumbingMethods_HaveDebuggerStepThroughAttribute(methodName: &quot;Stream&quot;)" computerName="DESKTOP-N1G2M77" duration="00:00:00.0002781" startTime="2026-03-17T21:33:09.6950975-03:00" endTime="2026-03-17T21:33:09.6950975-03:00" testType="13cdc9d9-ddb5-4fa4-a97d-d965ccfc6d4b" outcome="Passed" testListId="8c84fa94-04c1-424b-9868-57a2d4851a1d" relativeResultsDirectory="67c02094-1d4f-48fe-be9e-e2c68e1986dd" />
    <UnitTestResult executionId="95a9caa1-db7c-4afa-b1ab-ee83246976bc" testId="d2707c42-9988-e247-e2a9-13e0d2671bf8" testName="Mediax.Tests.DebugabilityTests.PlumbingMethods_HaveDebuggerStepThroughAttribute(methodName: &quot;Dispatch&quot;)" computerName="DESKTOP-N1G2M77" duration="00:00:00.0001608" startTime="2026-03-17T21:33:09.6951227-03:00" endTime="2026-03-17T21:33:09.6951227-03:00" testType="13cdc9d9-ddb5-4fa4-a97d-d965ccfc6d4b" outcome="Passed" testListId="8c84fa94-04c1-424b-9868-57a2d4851a1d" relativeResultsDirectory="95a9caa1-db7c-4afa-b1ab-ee83246976bc" />
    <UnitTestResult executionId="a346e2d7-2a90-4349-b7de-f572cd195315" testId="a4866cef-6841-9281-2d3f-8ae642a04590" testName="Mediax.Tests.DebugabilityTests.StackTrace_WhenHandlerThrows_ContainsHandlerClassName" computerName="DESKTOP-N1G2M77" duration="00:00:00.0016036" startTime="2026-03-17T21:33:09.6950696-03:00" endTime="2026-03-17T21:33:09.6950696-03:00" testType="13cdc9d9-ddb5-4fa4-a97d-d965ccfc6d4b" outcome="Passed" testListId="8c84fa94-04c1-424b-9868-57a2d4851a1d" relativeResultsDirectory="a346e2d7-2a90-4349-b7de-f572cd195315" />
    <UnitTestResult executionId="f27cc48c-81a4-4110-acf5-7968b1f3e797" testId="abd651c7-60b4-0b9c-e6e6-fb6a0515c0f1" testName="Mediax.Tests.DispatchTests.Dispatch_UnknownRequest_ThrowsKeyNotFoundException" computerName="DESKTOP-N1G2M77" duration="00:00:00.0013866" startTime="2026-03-17T21:33:09.5571807-03:00" endTime="2026-03-17T21:33:09.5571808-03:00" testType="13cdc9d9-ddb5-4fa4-a97d-d965ccfc6d4b" outcome="Passed" testListId="8c84fa94-04c1-424b-9868-57a2d4851a1d" relativeResultsDirectory="f27cc48c-81a4-4110-acf5-7968b1f3e797" />
  </Results>
  <TestDefinitions>
    <UnitTest name="Mediax.Tests.DebugabilityTests.PlumbingMethods_HaveDebuggerStepThroughAttribute(methodName: &quot;Stream&quot;)" storage="c:\users\reichert\desktop\mediax\tests\mediax.tests\bin\debug\net10.0\mediax.tests.dll" id="8b2250b3-0f1e-7788-5bb5-e65e5243ce8e">
      <Execution id="67c02094-1d4f-48fe-be9e-e2c68e1986dd" />
      <TestMethod codeBase="C:\Users\reichert\Desktop\mediax\tests\Mediax.Tests\bin\Debug\net10.0\Mediax.Tests.dll" adapterTypeName="executor://xunit/VsTestRunner2/netcoreapp" className="Mediax.Tests.DebugabilityTests" name="PlumbingMethods_HaveDebuggerStepThroughAttribute" />
    </UnitTest>
    <UnitTest name="Mediax.Tests.ResultTests.Map_PreservesErrorOnFailure" storage="c:\users\reichert\desktop\mediax\tests\mediax.tests\bin\debug\net10.0\mediax.tests.dll" id="ed2f7708-6751-ca5a-1133-2841f261112e">
      <Execution id="c167a19c-60d8-4f9d-85a7-e259ac54808b" />
      <TestMethod codeBase="C:\Users\reichert\Desktop\mediax\tests\Mediax.Tests\bin\Debug\net10.0\Mediax.Tests.dll" adapterTypeName="executor://xunit/VsTestRunner2/netcoreapp" className="Mediax.Tests.ResultTests" name="Map_PreservesErrorOnFailure" />
    </UnitTest>
    <UnitTest name="Mediax.Tests.FakeDispatcherTests.FakeDispatcher_Reset_ClearsState" storage="c:\users\reichert\desktop\mediax\tests\mediax.tests\bin\debug\net10.0\mediax.tests.dll" id="46fb776e-9f92-0dc8-a4aa-66ca8effc894">
      <Execution id="1c238201-3a63-44b7-8b64-310d950cf176" />
      <TestMethod codeBase="C:\Users\reichert\Desktop\mediax\tests\Mediax.Tests\bin\Debug\net10.0\Mediax.Tests.dll" adapterTypeName="executor://xunit/VsTestRunner2/netcoreapp" className="Mediax.Tests.FakeDispatcherTests" name="FakeDispatcher_Reset_ClearsState" />
    </UnitTest>
    <UnitTest name="Mediax.Tests.ErrorTests.Validation_IncludesDetails" storage="c:\users\reichert\desktop\mediax\tests\mediax.tests\bin\debug\net10.0\mediax.tests.dll" id="7ae990ad-e3a4-c985-bc07-83d3e35f723d">
      <Execution id="aa680197-055d-48db-9c7f-680bd5f6265a" />
      <TestMethod codeBase="C:\Users\reichert\Desktop\mediax\tests\Mediax.Tests\bin\Debug\net10.0\Mediax.Tests.dll" adapterTypeName="executor://xunit/VsTestRunner2/netcoreapp" className="Mediax.Tests.ErrorTests" name="Validation_IncludesDetails" />
    </UnitTest>
    <UnitTest name="Mediax.Tests.DispatchTests.Command_IsCommand_ReturnsTrue" storage="c:\users\reichert\desktop\mediax\tests\mediax.tests\bin\debug\net10.0\mediax.tests.dll" id="5ef257e5-e761-7618-e981-ead033c7978a">
      <Execution id="e1ae5b57-8636-4438-a1dc-0a2349266ae8" />
      <TestMethod codeBase="C:\Users\reichert\Desktop\mediax\tests\Mediax.Tests\bin\Debug\net10.0\Mediax.Tests.dll" adapterTypeName="executor://xunit/VsTestRunner2/netcoreapp" className="Mediax.Tests.DispatchTests" name="Command_IsCommand_ReturnsTrue" />
    </UnitTest>
    <UnitTest name="Mediax.Tests.EventTests.Event_Publish_CallsAllHandlers" storage="c:\users\reichert\desktop\mediax\tests\mediax.tests\bin\debug\net10.0\mediax.tests.dll" id="74c21ce1-f578-bb20-68d3-645ac6415a5d">
      <Execution id="5822793d-edb8-4646-84c0-0b7d47479681" />
      <TestMethod codeBase="C:\Users\reichert\Desktop\mediax\tests\Mediax.Tests\bin\Debug\net10.0\Mediax.Tests.dll" adapterTypeName="executor://xunit/VsTestRunner2/netcoreapp" className="Mediax.Tests.EventTests" name="Event_Publish_CallsAllHandlers" />
    </UnitTest>
    <UnitTest name="Mediax.Tests.DecoratorTests.WithTimeout_DispatchesInnerRequest" storage="c:\users\reichert\desktop\mediax\tests\mediax.tests\bin\debug\net10.0\mediax.tests.dll" id="2a6593ff-96af-8cf0-449d-7b8c38fc02c4">
      <Execution id="eef2363a-6a27-4c77-89d6-3e0f149c2757" />
      <TestMethod codeBase="C:\Users\reichert\Desktop\mediax\tests\Mediax.Tests\bin\Debug\net10.0\Mediax.Tests.dll" adapterTypeName="executor://xunit/VsTestRunner2/netcoreapp" className="Mediax.Tests.DecoratorTests" name="WithTimeout_DispatchesInnerRequest" />
    </UnitTest>
    <UnitTest name="Mediax.Tests.DispatchTests.Query_IsQuery_ReturnsTrue" storage="c:\users\reichert\desktop\mediax\tests\mediax.tests\bin\debug\net10.0\mediax.tests.dll" id="c4739169-40a5-55fa-cf5c-7951bc54fa9b">
      <Execution id="fa84b17f-54d1-4efe-a132-2013f4d4670b" />
      <TestMethod codeBase="C:\Users\reichert\Desktop\mediax\tests\Mediax.Tests\bin\Debug\net10.0\Mediax.Tests.dll" adapterTypeName="executor://xunit/VsTestRunner2/netcoreapp" className="Mediax.Tests.DispatchTests" name="Query_IsQuery_ReturnsTrue" />
    </UnitTest>
    <UnitTest name="Mediax.Tests.StreamTests.Should_Stream_Results_Via_Static_Extension" storage="c:\users\reichert\desktop\mediax\tests\mediax.tests\bin\debug\net10.0\mediax.tests.dll" id="634aae4b-e378-5508-52a5-47bc673b20ea">
      <Execution id="276be6cf-f8e9-481f-b38d-16c3ec3b18de" />
      <TestMethod codeBase="C:\Users\reichert\Desktop\mediax\tests\Mediax.Tests\bin\Debug\net10.0\Mediax.Tests.dll" adapterTypeName="executor://xunit/VsTestRunner2/netcoreapp" className="Mediax.Tests.StreamTests" name="Should_Stream_Results_Via_Static_Extension" />
    </UnitTest>
    <UnitTest name="Mediax.Tests.ResultTests.Bind_ChainsResultsOnSuccess" storage="c:\users\reichert\desktop\mediax\tests\mediax.tests\bin\debug\net10.0\mediax.tests.dll" id="1b9d6369-04cc-04c5-6ab2-e7e6b0ab0c5a">
      <Execution id="bb343da5-07b7-4345-a8f8-ec4e72a06b1f" />
      <TestMethod codeBase="C:\Users\reichert\Desktop\mediax\tests\Mediax.Tests\bin\Debug\net10.0\Mediax.Tests.dll" adapterTypeName="executor://xunit/VsTestRunner2/netcoreapp" className="Mediax.Tests.ResultTests" name="Bind_ChainsResultsOnSuccess" />
    </UnitTest>
    <UnitTest name="Mediax.Tests.ResultTests.Match_CallsOkBranchOnSuccess" storage="c:\users\reichert\desktop\mediax\tests\mediax.tests\bin\debug\net10.0\mediax.tests.dll" id="22a724bc-d757-801a-1d1e-bc20290b5da3">
      <Execution id="6c918b89-761c-4c8a-8346-582b9a9b8884" />
      <TestMethod codeBase="C:\Users\reichert\Desktop\mediax\tests\Mediax.Tests\bin\Debug\net10.0\Mediax.Tests.dll" adapterTypeName="executor://xunit/VsTestRunner2/netcoreapp" className="Mediax.Tests.ResultTests" name="Match_CallsOkBranchOnSuccess" />
    </UnitTest>
    <UnitTest name="Mediax.Tests.ErrorTests.NotFound_SetsCorrectType" storage="c:\users\reichert\desktop\mediax\tests\mediax.tests\bin\debug\net10.0\mediax.tests.dll" id="7826fe47-b40e-a848-9ed2-0875e9bada78">
      <Execution id="e8d33490-aeec-40e8-ad0e-9c6cc059b213" />
      <TestMethod codeBase="C:\Users\reichert\Desktop\mediax\tests\Mediax.Tests\bin\Debug\net10.0\Mediax.Tests.dll" adapterTypeName="executor://xunit/VsTestRunner2/netcoreapp" className="Mediax.Tests.ErrorTests" name="NotFound_SetsCorrectType" />
    </UnitTest>
    <UnitTest name="Mediax.Tests.DebugabilityTests.GeneratedDispatcher_HasMethodNamedAfterHandler_NotIndex" storage="c:\users\reichert\desktop\mediax\tests\mediax.tests\bin\debug\net10.0\mediax.tests.dll" id="e62cd454-7839-15be-3c5e-d09f701a7b71">
      <Execution id="acfa45df-411a-424c-aabf-a4892dbb866e" />
      <TestMethod codeBase="C:\Users\reichert\Desktop\mediax\tests\Mediax.Tests\bin\Debug\net10.0\Mediax.Tests.dll" adapterTypeName="executor://xunit/VsTestRunner2/netcoreapp" className="Mediax.Tests.DebugabilityTests" name="GeneratedDispatcher_HasMethodNamedAfterHandler_NotIndex" />
    </UnitTest>
    <UnitTest name="Mediax.Tests.DispatchTests.Dispatch_FailingCommand_ReturnsFailResult" storage="c:\users\reichert\desktop\mediax\tests\mediax.tests\bin\debug\net10.0\mediax.tests.dll" id="728cbc1e-917a-92a1-a484-762afd2baffa">
      <Execution id="0e3d50ea-c479-4631-8870-f65e1de4073f" />
      <TestMethod codeBase="C:\Users\reichert\Desktop\mediax\tests\Mediax.Tests\bin\Debug\net10.0\Mediax.Tests.dll" adapterTypeName="executor://xunit/VsTestRunner2/netcoreapp" className="Mediax.Tests.DispatchTests" name="Dispatch_FailingCommand_ReturnsFailResult" />
    </UnitTest>
    <UnitTest name="Mediax.Tests.FakeDispatcherTests.FakeDispatcher_Fails_ReturnsFailureResult" storage="c:\users\reichert\desktop\mediax\tests\mediax.tests\bin\debug\net10.0\mediax.tests.dll" id="57cc85f3-432b-c5be-d6b1-723bd7440b96">
      <Execution id="08c5f192-a6af-4586-a803-b75c44bcc133" />
      <TestMethod codeBase="C:\Users\reichert\Desktop\mediax\tests\Mediax.Tests\bin\Debug\net10.0\Mediax.Tests.dll" adapterTypeName="executor://xunit/VsTestRunner2/netcoreapp" className="Mediax.Tests.FakeDispatcherTests" name="FakeDispatcher_Fails_ReturnsFailureResult" />
    </UnitTest>
    <UnitTest name="Mediax.Tests.AdvancedGeneratorTests.AsyncLocal_ParallelTests_DoNotInterfere" storage="c:\users\reichert\desktop\mediax\tests\mediax.tests\bin\debug\net10.0\mediax.tests.dll" id="eb1f6a1f-fe20-34ae-4a03-45d5ac1fcd4c">
      <Execution id="88eb1bb5-0ea9-43aa-8995-d4274e7c1e92" />
      <TestMethod codeBase="C:\Users\reichert\Desktop\mediax\tests\Mediax.Tests\bin\Debug\net10.0\Mediax.Tests.dll" adapterTypeName="executor://xunit/VsTestRunner2/netcoreapp" className="Mediax.Tests.AdvancedGeneratorTests" name="AsyncLocal_ParallelTests_DoNotInterfere" />
    </UnitTest>
    <UnitTest name="Mediax.Tests.StreamTests.Should_Stream_Results_From_Handler" storage="c:\users\reichert\desktop\mediax\tests\mediax.tests\bin\debug\net10.0\mediax.tests.dll" id="f545e4ce-e875-1ea7-16eb-d78377397641">
      <Execution id="05d14913-5754-47b2-b994-a9467758abb1" />
      <TestMethod codeBase="C:\Users\reichert\Desktop\mediax\tests\Mediax.Tests\bin\Debug\net10.0\Mediax.Tests.dll" adapterTypeName="executor://xunit/VsTestRunner2/netcoreapp" className="Mediax.Tests.StreamTests" name="Should_Stream_Results_From_Handler" />
    </UnitTest>
    <UnitTest name="Mediax.Tests.ResultTests.ImplicitConversion_FromValue" storage="c:\users\reichert\desktop\mediax\tests\mediax.tests\bin\debug\net10.0\mediax.tests.dll" id="4e9bfd20-0e44-520c-5aaf-94678020fb79">
      <Execution id="43d5d6da-a16d-4ce3-bac3-b1226ab2e51c" />
      <TestMethod codeBase="C:\Users\reichert\Desktop\mediax\tests\Mediax.Tests\bin\Debug\net10.0\Mediax.Tests.dll" adapterTypeName="executor://xunit/VsTestRunner2/netcoreapp" className="Mediax.Tests.ResultTests" name="ImplicitConversion_FromValue" />
    </UnitTest>
    <UnitTest name="Mediax.Tests.ResultTests.Match_CallsFailBranchOnFailure" storage="c:\users\reichert\desktop\mediax\tests\mediax.tests\bin\debug\net10.0\mediax.tests.dll" id="e5bbd0f5-d880-f15b-28df-0e6869b765e2">
      <Execution id="4348b056-2ab1-4c17-b74c-bce94c3ced9b" />
      <TestMethod codeBase="C:\Users\reichert\Desktop\mediax\tests\Mediax.Tests\bin\Debug\net10.0\Mediax.Tests.dll" adapterTypeName="executor://xunit/VsTestRunner2/netcoreapp" className="Mediax.Tests.ResultTests" name="Match_CallsFailBranchOnFailure" />
    </UnitTest>
    <UnitTest name="Mediax.Tests.FakeDispatcherTests.FakeDispatcher_Returns_ConfiguredValue" storage="c:\users\reichert\desktop\mediax\tests\mediax.tests\bin\debug\net10.0\mediax.tests.dll" id="cd30d56e-a0d3-7eb4-b3df-2114a5188e59">
      <Execution id="9328c621-4ff5-4ad9-9ad3-28d0b828852d" />
      <TestMethod codeBase="C:\Users\reichert\Desktop\mediax\tests\Mediax.Tests\bin\Debug\net10.0\Mediax.Tests.dll" adapterTypeName="executor://xunit/VsTestRunner2/netcoreapp" className="Mediax.Tests.FakeDispatcherTests" name="FakeDispatcher_Returns_ConfiguredValue" />
    </UnitTest>
    <UnitTest name="Mediax.Tests.FakeDispatcherTests.FakeDispatcher_ReturnsDefaultForUnregisteredRequest" storage="c:\users\reichert\desktop\mediax\tests\mediax.tests\bin\debug\net10.0\mediax.tests.dll" id="47651d43-dc2e-db27-1273-c893a8f7d738">
      <Execution id="823eddc5-5f9e-455e-8d2e-35a6addfa792" />
      <TestMethod codeBase="C:\Users\reichert\Desktop\mediax\tests\Mediax.Tests\bin\Debug\net10.0\Mediax.Tests.dll" adapterTypeName="executor://xunit/VsTestRunner2/netcoreapp" className="Mediax.Tests.FakeDispatcherTests" name="FakeDispatcher_ReturnsDefaultForUnregisteredRequest" />
    </UnitTest>
    <UnitTest name="Mediax.Tests.BehaviorTests.LogBehavior_DoesNotAffectResult" storage="c:\users\reichert\desktop\mediax\tests\mediax.tests\bin\debug\net10.0\mediax.tests.dll" id="361b4c7b-bb03-975b-a9a4-b5c14b669937">
      <Execution id="07d4da62-046d-4bd9-8f12-78b6f7183ceb" />
      <TestMethod codeBase="C:\Users\reichert\Desktop\mediax\tests\Mediax.Tests\bin\Debug\net10.0\Mediax.Tests.dll" adapterTypeName="executor://xunit/VsTestRunner2/netcoreapp" className="Mediax.Tests.BehaviorTests" name="LogBehavior_DoesNotAffectResult" />
    </UnitTest>
    <UnitTest name="Mediax.Tests.BehaviorTests.ValidationBehavior_PassesWhenValidatorsPass" storage="c:\users\reichert\desktop\mediax\tests\mediax.tests\bin\debug\net10.0\mediax.tests.dll" id="e81a8697-869c-d876-4004-04c1b25e7658">
      <Execution id="808282f2-1326-4240-9980-36496742f53f" />
      <TestMethod codeBase="C:\Users\reichert\Desktop\mediax\tests\Mediax.Tests\bin\Debug\net10.0\Mediax.Tests.dll" adapterTypeName="executor://xunit/VsTestRunner2/netcoreapp" className="Mediax.Tests.BehaviorTests" name="ValidationBehavior_PassesWhenValidatorsPass" />
    </UnitTest>
    <UnitTest name="Mediax.Tests.ResultTests.ImplicitConversion_FromError" storage="c:\users\reichert\desktop\mediax\tests\mediax.tests\bin\debug\net10.0\mediax.tests.dll" id="7a50c891-c83d-5d81-57f5-740069b1984f">
      <Execution id="c9d569e0-45a3-4bae-8427-edc33776e801" />
      <TestMethod codeBase="C:\Users\reichert\Desktop\mediax\tests\Mediax.Tests\bin\Debug\net10.0\Mediax.Tests.dll" adapterTypeName="executor://xunit/VsTestRunner2/netcoreapp" className="Mediax.Tests.ResultTests" name="ImplicitConversion_FromError" />
    </UnitTest>
    <UnitTest name="Mediax.Tests.ResultTests.Map_TransformsValueOnSuccess" storage="c:\users\reichert\desktop\mediax\tests\mediax.tests\bin\debug\net10.0\mediax.tests.dll" id="1981bcd1-1513-59a3-0565-24ba9e56639a">
      <Execution id="982c4610-c998-4b77-af38-e12bfa8e7136" />
      <TestMethod codeBase="C:\Users\reichert\Desktop\mediax\tests\Mediax.Tests\bin\Debug\net10.0\Mediax.Tests.dll" adapterTypeName="executor://xunit/VsTestRunner2/netcoreapp" className="Mediax.Tests.ResultTests" name="Map_TransformsValueOnSuccess" />
    </UnitTest>
    <UnitTest name="Mediax.Tests.ResultTests.Bind_ShortCircuitsOnFailure" storage="c:\users\reichert\desktop\mediax\tests\mediax.tests\bin\debug\net10.0\mediax.tests.dll" id="6ea2aeb8-cb4d-d9df-cd3e-739851e60a2c">
      <Execution id="4c8f3463-7f6b-44d3-9f94-506e2f36c4b2" />
      <TestMethod codeBase="C:\Users\reichert\Desktop\mediax\tests\Mediax.Tests\bin\Debug\net10.0\Mediax.Tests.dll" adapterTypeName="executor://xunit/VsTestRunner2/netcoreapp" className="Mediax.Tests.ResultTests" name="Bind_ShortCircuitsOnFailure" />
    </UnitTest>
    <UnitTest name="Mediax.Tests.DecoratorTests.WithRetry_DispatchesInnerRequest" storage="c:\users\reichert\desktop\mediax\tests\mediax.tests\bin\debug\net10.0\mediax.tests.dll" id="55bfc73b-e07a-c3ab-5ccf-809e8bee09c2">
      <Execution id="756b95df-d071-401e-88aa-5c69ca0753fe" />
      <TestMethod codeBase="C:\Users\reichert\Desktop\mediax\tests\Mediax.Tests\bin\Debug\net10.0\Mediax.Tests.dll" adapterTypeName="executor://xunit/VsTestRunner2/netcoreapp" className="Mediax.Tests.DecoratorTests" name="WithRetry_DispatchesInnerRequest" />
    </UnitTest>
    <UnitTest name="Mediax.Tests.ErrorTests.Internal_SetsInternalType" storage="c:\users\reichert\desktop\mediax\tests\mediax.tests\bin\debug\net10.0\mediax.tests.dll" id="b96510e8-879d-408d-a078-950dbf6ccd6b">
      <Execution id="3f6357bb-fd2b-401e-bfcd-a9d670a34fc5" />
      <TestMethod codeBase="C:\Users\reichert\Desktop\mediax\tests\Mediax.Tests\bin\Debug\net10.0\Mediax.Tests.dll" adapterTypeName="executor://xunit/VsTestRunner2/netcoreapp" className="Mediax.Tests.ErrorTests" name="Internal_SetsInternalType" />
    </UnitTest>
    <UnitTest name="Mediax.Tests.DebugabilityTests.MediaxDispatcher_DoesNotHaveCompilerGeneratedAttribute" storage="c:\users\reichert\desktop\mediax\tests\mediax.tests\bin\debug\net10.0\mediax.tests.dll" id="185f4ee2-5818-0776-682f-d0caa5c97284">
      <Execution id="7b6d41e4-6a34-41e3-82e7-2e28233a609a" />
      <TestMethod codeBase="C:\Users\reichert\Desktop\mediax\tests\Mediax.Tests\bin\Debug\net10.0\Mediax.Tests.dll" adapterTypeName="executor://xunit/VsTestRunner2/netcoreapp" className="Mediax.Tests.DebugabilityTests" name="MediaxDispatcher_DoesNotHaveCompilerGeneratedAttribute" />
    </UnitTest>
    <UnitTest name="Mediax.Tests.ResultTests.Ok_CreatesSuccessResult" storage="c:\users\reichert\desktop\mediax\tests\mediax.tests\bin\debug\net10.0\mediax.tests.dll" id="8801b016-3cef-b69c-0cb3-62205e01eaca">
      <Execution id="f2291cd7-a91b-49da-a22a-eedfb9c21402" />
      <TestMethod codeBase="C:\Users\reichert\Desktop\mediax\tests\Mediax.Tests\bin\Debug\net10.0\Mediax.Tests.dll" adapterTypeName="executor://xunit/VsTestRunner2/netcoreapp" className="Mediax.Tests.ResultTests" name="Ok_CreatesSuccessResult" />
    </UnitTest>
    <UnitTest name="Mediax.Tests.DebugabilityTests.StackTrace_WhenHandlerThrows_ContainsHandlerClassName" storage="c:\users\reichert\desktop\mediax\tests\mediax.tests\bin\debug\net10.0\mediax.tests.dll" id="a4866cef-6841-9281-2d3f-8ae642a04590">
      <Execution id="a346e2d7-2a90-4349-b7de-f572cd195315" />
      <TestMethod codeBase="C:\Users\reichert\Desktop\mediax\tests\Mediax.Tests\bin\Debug\net10.0\Mediax.Tests.dll" adapterTypeName="executor://xunit/VsTestRunner2/netcoreapp" className="Mediax.Tests.DebugabilityTests" name="StackTrace_WhenHandlerThrows_ContainsHandlerClassName" />
    </UnitTest>
    <UnitTest name="Mediax.Tests.DispatchTests.Dispatch_Command_ReturnsSum" storage="c:\users\reichert\desktop\mediax\tests\mediax.tests\bin\debug\net10.0\mediax.tests.dll" id="f5ded6f3-3095-9752-4f5b-4f9ba465b7b3">
      <Execution id="7c555510-3df7-4304-8bf1-3d7d035a6c06" />
      <TestMethod codeBase="C:\Users\reichert\Desktop\mediax\tests\Mediax.Tests\bin\Debug\net10.0\Mediax.Tests.dll" adapterTypeName="executor://xunit/VsTestRunner2/netcoreapp" className="Mediax.Tests.DispatchTests" name="Dispatch_Command_ReturnsSum" />
    </UnitTest>
    <UnitTest name="Mediax.Tests.ResultTests.Fail_CreatesFailureResult" storage="c:\users\reichert\desktop\mediax\tests\mediax.tests\bin\debug\net10.0\mediax.tests.dll" id="5efb6f80-d5d5-e8ed-1361-0aee58377ffc">
      <Execution id="b16c3a79-e8de-4f7b-8425-7435b913b3ea" />
      <TestMethod codeBase="C:\Users\reichert\Desktop\mediax\tests\Mediax.Tests\bin\Debug\net10.0\Mediax.Tests.dll" adapterTypeName="executor://xunit/VsTestRunner2/netcoreapp" className="Mediax.Tests.ResultTests" name="Fail_CreatesFailureResult" />
    </UnitTest>
    <UnitTest name="Mediax.Tests.DebugabilityTests.PlumbingMethods_HaveDebuggerStepThroughAttribute(methodName: &quot;Publish&quot;)" storage="c:\users\reichert\desktop\mediax\tests\mediax.tests\bin\debug\net10.0\mediax.tests.dll" id="7cfaa768-8331-fb80-8dc7-2cac329179c5">
      <Execution id="6227b0ff-ba99-42eb-aea0-ce24af672598" />
      <TestMethod codeBase="C:\Users\reichert\Desktop\mediax\tests\Mediax.Tests\bin\Debug\net10.0\Mediax.Tests.dll" adapterTypeName="executor://xunit/VsTestRunner2/netcoreapp" className="Mediax.Tests.DebugabilityTests" name="PlumbingMethods_HaveDebuggerStepThroughAttribute" />
    </UnitTest>
    <UnitTest name="Mediax.Tests.DebugabilityTests.PlumbingMethods_HaveDebuggerStepThroughAttribute(methodName: &quot;Dispatch&quot;)" storage="c:\users\reichert\desktop\mediax\tests\mediax.tests\bin\debug\net10.0\mediax.tests.dll" id="d2707c42-9988-e247-e2a9-13e0d2671bf8">
      <Execution id="95a9caa1-db7c-4afa-b1ab-ee83246976bc" />
      <TestMethod codeBase="C:\Users\reichert\Desktop\mediax\tests\Mediax.Tests\bin\Debug\net10.0\Mediax.Tests.dll" adapterTypeName="executor://xunit/VsTestRunner2/netcoreapp" className="Mediax.Tests.DebugabilityTests" name="PlumbingMethods_HaveDebuggerStepThroughAttribute" />
    </UnitTest>
    <UnitTest name="Mediax.Tests.FakeDispatcherTests.FakeDispatcher_Returns_FactoryValue" storage="c:\users\reichert\desktop\mediax\tests\mediax.tests\bin\debug\net10.0\mediax.tests.dll" id="353b0a2e-cd01-a0cd-1c34-ad6c1690a636">
      <Execution id="c81702f4-4bc1-4c4d-a737-9422fbef95af" />
      <TestMethod codeBase="C:\Users\reichert\Desktop\mediax\tests\Mediax.Tests\bin\Debug\net10.0\Mediax.Tests.dll" adapterTypeName="executor://xunit/VsTestRunner2/netcoreapp" className="Mediax.Tests.FakeDispatcherTests" name="FakeDispatcher_Returns_FactoryValue" />
    </UnitTest>
    <UnitTest name="Mediax.Tests.DebugabilityTests.MediaxStaticHandlers_HasCompilerGeneratedAttribute" storage="c:\users\reichert\desktop\mediax\tests\mediax.tests\bin\debug\net10.0\mediax.tests.dll" id="f686e3bf-9852-4dfd-9ce7-cea92886cd03">
      <Execution id="7bc6e2d4-ecd8-4005-9318-f472b8791a4b" />
      <TestMethod codeBase="C:\Users\reichert\Desktop\mediax\tests\Mediax.Tests\bin\Debug\net10.0\Mediax.Tests.dll" adapterTypeName="executor://xunit/VsTestRunner2/netcoreapp" className="Mediax.Tests.DebugabilityTests" name="MediaxStaticHandlers_HasCompilerGeneratedAttribute" />
    </UnitTest>
    <UnitTest name="Mediax.Tests.DecoratorTests.WithRetry_WrapsRequest_InRetryDecorator" storage="c:\users\reichert\desktop\mediax\tests\mediax.tests\bin\debug\net10.0\mediax.tests.dll" id="66ca53d7-7e82-5d5f-cfad-f7ee01a684c8">
      <Execution id="4930fd38-cb6c-4ca7-8251-26344f28f418" />
      <TestMethod codeBase="C:\Users\reichert\Desktop\mediax\tests\Mediax.Tests\bin\Debug\net10.0\Mediax.Tests.dll" adapterTypeName="executor://xunit/VsTestRunner2/netcoreapp" className="Mediax.Tests.DecoratorTests" name="WithRetry_WrapsRequest_InRetryDecorator" />
    </UnitTest>
    <UnitTest name="Mediax.Tests.DecoratorTests.WithTimeout_WrapsRequest_InTimeoutDecorator" storage="c:\users\reichert\desktop\mediax\tests\mediax.tests\bin\debug\net10.0\mediax.tests.dll" id="aaaceb3a-c221-364c-dc5d-44bd9838dfaa">
      <Execution id="3b569ced-01d8-46e9-8a67-fbf1d82217e5" />
      <TestMethod codeBase="C:\Users\reichert\Desktop\mediax\tests\Mediax.Tests\bin\Debug\net10.0\Mediax.Tests.dll" adapterTypeName="executor://xunit/VsTestRunner2/netcoreapp" className="Mediax.Tests.DecoratorTests" name="WithTimeout_WrapsRequest_InTimeoutDecorator" />
    </UnitTest>
    <UnitTest name="Mediax.Tests.DebugabilityTests.NamedDispatchMethods_DoNotHaveDebuggerStepThrough" storage="c:\users\reichert\desktop\mediax\tests\mediax.tests\bin\debug\net10.0\mediax.tests.dll" id="352f126e-7407-f197-a0c0-cbf589277771">
      <Execution id="c556059d-50aa-44c5-9749-d0a72a000541" />
      <TestMethod codeBase="C:\Users\reichert\Desktop\mediax\tests\Mediax.Tests\bin\Debug\net10.0\Mediax.Tests.dll" adapterTypeName="executor://xunit/VsTestRunner2/netcoreapp" className="Mediax.Tests.DebugabilityTests" name="NamedDispatchMethods_DoNotHaveDebuggerStepThrough" />
    </UnitTest>
    <UnitTest name="Mediax.Tests.DebugabilityTests.GeneratedDispatcher_HasNoIndexBasedDispatchMethod" storage="c:\users\reichert\desktop\mediax\tests\mediax.tests\bin\debug\net10.0\mediax.tests.dll" id="a99058aa-5b0c-1d2e-5871-bada5aa27a1f">
      <Execution id="a8275f01-d78a-43a6-b32c-de8f80ac8e6a" />
      <TestMethod codeBase="C:\Users\reichert\Desktop\mediax\tests\Mediax.Tests\bin\Debug\net10.0\Mediax.Tests.dll" adapterTypeName="executor://xunit/VsTestRunner2/netcoreapp" className="Mediax.Tests.DebugabilityTests" name="GeneratedDispatcher_HasNoIndexBasedDispatchMethod" />
    </UnitTest>
    <UnitTest name="Mediax.Tests.ErrorTests.DefaultMessage_GeneratedWhenNullPassed" storage="c:\users\reichert\desktop\mediax\tests\mediax.tests\bin\debug\net10.0\mediax.tests.dll" id="a2187dde-7c1b-c5fb-4e10-3a5964980b06">
      <Execution id="f827cf2a-f4b3-410a-b1bb-12139a14134b" />
      <TestMethod codeBase="C:\Users\reichert\Desktop\mediax\tests\Mediax.Tests\bin\Debug\net10.0\Mediax.Tests.dll" adapterTypeName="executor://xunit/VsTestRunner2/netcoreapp" className="Mediax.Tests.ErrorTests" name="DefaultMessage_GeneratedWhenNullPassed" />
    </UnitTest>
    <UnitTest name="Mediax.Tests.DebugabilityTests.CastWrapperMethods_HaveDebuggerStepThrough" storage="c:\users\reichert\desktop\mediax\tests\mediax.tests\bin\debug\net10.0\mediax.tests.dll" id="ff9d4728-72b7-ffef-b0d2-da3fbbf96113">
      <Execution id="e5ee15d7-b803-42e9-8049-f94f1c89af1e" />
      <TestMethod codeBase="C:\Users\reichert\Desktop\mediax\tests\Mediax.Tests\bin\Debug\net10.0\Mediax.Tests.dll" adapterTypeName="executor://xunit/VsTestRunner2/netcoreapp" className="Mediax.Tests.DebugabilityTests" name="CastWrapperMethods_HaveDebuggerStepThrough" />
    </UnitTest>
    <UnitTest name="Mediax.Tests.BehaviorTests.ValidationBehavior_ReturnsValidationError_WhenValidatorFails" storage="c:\users\reichert\desktop\mediax\tests\mediax.tests\bin\debug\net10.0\mediax.tests.dll" id="99beb980-285b-eda1-dea4-4cdbb8932c22">
      <Execution id="65c8c809-7bf9-4291-a3d6-21e0554b9430" />
      <TestMethod codeBase="C:\Users\reichert\Desktop\mediax\tests\Mediax.Tests\bin\Debug\net10.0\Mediax.Tests.dll" adapterTypeName="executor://xunit/VsTestRunner2/netcoreapp" className="Mediax.Tests.BehaviorTests" name="ValidationBehavior_ReturnsValidationError_WhenValidatorFails" />
    </UnitTest>
    <UnitTest name="Mediax.Tests.AdvancedGeneratorTests.ScopedHandler_UsingStatement_DisposesAfterSend" storage="c:\users\reichert\desktop\mediax\tests\mediax.tests\bin\debug\net10.0\mediax.tests.dll" id="6b8b80a9-33ce-dcb8-0668-e9e9cf161c73">
      <Execution id="80f23b4f-48d0-497c-a573-249f764e9d45" />
      <TestMethod codeBase="C:\Users\reichert\Desktop\mediax\tests\Mediax.Tests\bin\Debug\net10.0\Mediax.Tests.dll" adapterTypeName="executor://xunit/VsTestRunner2/netcoreapp" className="Mediax.Tests.AdvancedGeneratorTests" name="ScopedHandler_UsingStatement_DisposesAfterSend" />
    </UnitTest>
    <UnitTest name="Mediax.Tests.DispatchTests.Dispatch_Query_ReturnsEchoedMessage" storage="c:\users\reichert\desktop\mediax\tests\mediax.tests\bin\debug\net10.0\mediax.tests.dll" id="5b87444b-a07e-7ba3-fdcc-b6c4ba1f9b0a">
      <Execution id="f573b0cf-a697-4aab-9331-1518899e748a" />
      <TestMethod codeBase="C:\Users\reichert\Desktop\mediax\tests\Mediax.Tests\bin\Debug\net10.0\Mediax.Tests.dll" adapterTypeName="executor://xunit/VsTestRunner2/netcoreapp" className="Mediax.Tests.DispatchTests" name="Dispatch_Query_ReturnsEchoedMessage" />
    </UnitTest>
    <UnitTest name="Mediax.Tests.ErrorTests.Conflict_SetsConflictType" storage="c:\users\reichert\desktop\mediax\tests\mediax.tests\bin\debug\net10.0\mediax.tests.dll" id="d5c31177-c6e4-c783-ab62-a7202e3f5c8e">
      <Execution id="048d7098-6473-4b79-bdf0-134f902bcbc9" />
      <TestMethod codeBase="C:\Users\reichert\Desktop\mediax\tests\Mediax.Tests\bin\Debug\net10.0\Mediax.Tests.dll" adapterTypeName="executor://xunit/VsTestRunner2/netcoreapp" className="Mediax.Tests.ErrorTests" name="Conflict_SetsConflictType" />
    </UnitTest>
    <UnitTest name="Mediax.Tests.DebugabilityTests.GeneratedDispatcher_AllHandlersHaveNamedMethods" storage="c:\users\reichert\desktop\mediax\tests\mediax.tests\bin\debug\net10.0\mediax.tests.dll" id="21409ba4-0a8f-3d5b-c964-dfd0b8704934">
      <Execution id="ee661ec9-8801-4e58-be22-97032458888f" />
      <TestMethod codeBase="C:\Users\reichert\Desktop\mediax\tests\Mediax.Tests\bin\Debug\net10.0\Mediax.Tests.dll" adapterTypeName="executor://xunit/VsTestRunner2/netcoreapp" className="Mediax.Tests.DebugabilityTests" name="GeneratedDispatcher_AllHandlersHaveNamedMethods" />
    </UnitTest>
    <UnitTest name="Mediax.Tests.FakeDispatcherTests.FakeDispatcher_TracksDispatchedRequests" storage="c:\users\reichert\desktop\mediax\tests\mediax.tests\bin\debug\net10.0\mediax.tests.dll" id="d979fe0f-f97d-efb2-8973-86ae03c79f77">
      <Execution id="1cd444ec-4f86-4b98-bb70-2c54a01ae998" />
      <TestMethod codeBase="C:\Users\reichert\Desktop\mediax\tests\Mediax.Tests\bin\Debug\net10.0\Mediax.Tests.dll" adapterTypeName="executor://xunit/VsTestRunner2/netcoreapp" className="Mediax.Tests.FakeDispatcherTests" name="FakeDispatcher_TracksDispatchedRequests" />
    </UnitTest>
    <UnitTest name="Mediax.Tests.DispatchTests.Dispatch_UnknownRequest_ThrowsKeyNotFoundException" storage="c:\users\reichert\desktop\mediax\tests\mediax.tests\bin\debug\net10.0\mediax.tests.dll" id="abd651c7-60b4-0b9c-e6e6-fb6a0515c0f1">
      <Execution id="f27cc48c-81a4-4110-acf5-7968b1f3e797" />
      <TestMethod codeBase="C:\Users\reichert\Desktop\mediax\tests\Mediax.Tests\bin\Debug\net10.0\Mediax.Tests.dll" adapterTypeName="executor://xunit/VsTestRunner2/netcoreapp" className="Mediax.Tests.DispatchTests" name="Dispatch_UnknownRequest_ThrowsKeyNotFoundException" />
    </UnitTest>
  </TestDefinitions>
  <TestEntries>
    <TestEntry testId="1981bcd1-1513-59a3-0565-24ba9e56639a" executionId="982c4610-c998-4b77-af38-e12bfa8e7136" testListId="8c84fa94-04c1-424b-9868-57a2d4851a1d" />
    <TestEntry testId="2a6593ff-96af-8cf0-449d-7b8c38fc02c4" executionId="eef2363a-6a27-4c77-89d6-3e0f149c2757" testListId="8c84fa94-04c1-424b-9868-57a2d4851a1d" />
    <TestEntry testId="5efb6f80-d5d5-e8ed-1361-0aee58377ffc" executionId="b16c3a79-e8de-4f7b-8425-7435b913b3ea" testListId="8c84fa94-04c1-424b-9868-57a2d4851a1d" />
    <TestEntry testId="d979fe0f-f97d-efb2-8973-86ae03c79f77" executionId="1cd444ec-4f86-4b98-bb70-2c54a01ae998" testListId="8c84fa94-04c1-424b-9868-57a2d4851a1d" />
    <TestEntry testId="f545e4ce-e875-1ea7-16eb-d78377397641" executionId="05d14913-5754-47b2-b994-a9467758abb1" testListId="8c84fa94-04c1-424b-9868-57a2d4851a1d" />
    <TestEntry testId="361b4c7b-bb03-975b-a9a4-b5c14b669937" executionId="07d4da62-046d-4bd9-8f12-78b6f7183ceb" testListId="8c84fa94-04c1-424b-9868-57a2d4851a1d" />
    <TestEntry testId="4e9bfd20-0e44-520c-5aaf-94678020fb79" executionId="43d5d6da-a16d-4ce3-bac3-b1226ab2e51c" testListId="8c84fa94-04c1-424b-9868-57a2d4851a1d" />
    <TestEntry testId="7826fe47-b40e-a848-9ed2-0875e9bada78" executionId="e8d33490-aeec-40e8-ad0e-9c6cc059b213" testListId="8c84fa94-04c1-424b-9868-57a2d4851a1d" />
    <TestEntry testId="57cc85f3-432b-c5be-d6b1-723bd7440b96" executionId="08c5f192-a6af-4586-a803-b75c44bcc133" testListId="8c84fa94-04c1-424b-9868-57a2d4851a1d" />
    <TestEntry testId="7a50c891-c83d-5d81-57f5-740069b1984f" executionId="c9d569e0-45a3-4bae-8427-edc33776e801" testListId="8c84fa94-04c1-424b-9868-57a2d4851a1d" />
    <TestEntry testId="7cfaa768-8331-fb80-8dc7-2cac329179c5" executionId="6227b0ff-ba99-42eb-aea0-ce24af672598" testListId="8c84fa94-04c1-424b-9868-57a2d4851a1d" />
    <TestEntry testId="f5ded6f3-3095-9752-4f5b-4f9ba465b7b3" executionId="7c555510-3df7-4304-8bf1-3d7d035a6c06" testListId="8c84fa94-04c1-424b-9868-57a2d4851a1d" />
    <TestEntry testId="cd30d56e-a0d3-7eb4-b3df-2114a5188e59" executionId="9328c621-4ff5-4ad9-9ad3-28d0b828852d" testListId="8c84fa94-04c1-424b-9868-57a2d4851a1d" />
    <TestEntry testId="e5bbd0f5-d880-f15b-28df-0e6869b765e2" executionId="4348b056-2ab1-4c17-b74c-bce94c3ced9b" testListId="8c84fa94-04c1-424b-9868-57a2d4851a1d" />
    <TestEntry testId="1b9d6369-04cc-04c5-6ab2-e7e6b0ab0c5a" executionId="bb343da5-07b7-4345-a8f8-ec4e72a06b1f" testListId="8c84fa94-04c1-424b-9868-57a2d4851a1d" />
    <TestEntry testId="e62cd454-7839-15be-3c5e-d09f701a7b71" executionId="acfa45df-411a-424c-aabf-a4892dbb866e" testListId="8c84fa94-04c1-424b-9868-57a2d4851a1d" />
    <TestEntry testId="8801b016-3cef-b69c-0cb3-62205e01eaca" executionId="f2291cd7-a91b-49da-a22a-eedfb9c21402" testListId="8c84fa94-04c1-424b-9868-57a2d4851a1d" />
    <TestEntry testId="74c21ce1-f578-bb20-68d3-645ac6415a5d" executionId="5822793d-edb8-4646-84c0-0b7d47479681" testListId="8c84fa94-04c1-424b-9868-57a2d4851a1d" />
    <TestEntry testId="185f4ee2-5818-0776-682f-d0caa5c97284" executionId="7b6d41e4-6a34-41e3-82e7-2e28233a609a" testListId="8c84fa94-04c1-424b-9868-57a2d4851a1d" />
    <TestEntry testId="ff9d4728-72b7-ffef-b0d2-da3fbbf96113" executionId="e5ee15d7-b803-42e9-8049-f94f1c89af1e" testListId="8c84fa94-04c1-424b-9868-57a2d4851a1d" />
    <TestEntry testId="728cbc1e-917a-92a1-a484-762afd2baffa" executionId="0e3d50ea-c479-4631-8870-f65e1de4073f" testListId="8c84fa94-04c1-424b-9868-57a2d4851a1d" />
    <TestEntry testId="ed2f7708-6751-ca5a-1133-2841f261112e" executionId="c167a19c-60d8-4f9d-85a7-e259ac54808b" testListId="8c84fa94-04c1-424b-9868-57a2d4851a1d" />
    <TestEntry testId="634aae4b-e378-5508-52a5-47bc673b20ea" executionId="276be6cf-f8e9-481f-b38d-16c3ec3b18de" testListId="8c84fa94-04c1-424b-9868-57a2d4851a1d" />
    <TestEntry testId="66ca53d7-7e82-5d5f-cfad-f7ee01a684c8" executionId="4930fd38-cb6c-4ca7-8251-26344f28f418" testListId="8c84fa94-04c1-424b-9868-57a2d4851a1d" />
    <TestEntry testId="22a724bc-d757-801a-1d1e-bc20290b5da3" executionId="6c918b89-761c-4c8a-8346-582b9a9b8884" testListId="8c84fa94-04c1-424b-9868-57a2d4851a1d" />
    <TestEntry testId="99beb980-285b-eda1-dea4-4cdbb8932c22" executionId="65c8c809-7bf9-4291-a3d6-21e0554b9430" testListId="8c84fa94-04c1-424b-9868-57a2d4851a1d" />
    <TestEntry testId="b96510e8-879d-408d-a078-950dbf6ccd6b" executionId="3f6357bb-fd2b-401e-bfcd-a9d670a34fc5" testListId="8c84fa94-04c1-424b-9868-57a2d4851a1d" />
    <TestEntry testId="d5c31177-c6e4-c783-ab62-a7202e3f5c8e" executionId="048d7098-6473-4b79-bdf0-134f902bcbc9" testListId="8c84fa94-04c1-424b-9868-57a2d4851a1d" />
    <TestEntry testId="a2187dde-7c1b-c5fb-4e10-3a5964980b06" executionId="f827cf2a-f4b3-410a-b1bb-12139a14134b" testListId="8c84fa94-04c1-424b-9868-57a2d4851a1d" />
    <TestEntry testId="f686e3bf-9852-4dfd-9ce7-cea92886cd03" executionId="7bc6e2d4-ecd8-4005-9318-f472b8791a4b" testListId="8c84fa94-04c1-424b-9868-57a2d4851a1d" />
    <TestEntry testId="21409ba4-0a8f-3d5b-c964-dfd0b8704934" executionId="ee661ec9-8801-4e58-be22-97032458888f" testListId="8c84fa94-04c1-424b-9868-57a2d4851a1d" />
    <TestEntry testId="e81a8697-869c-d876-4004-04c1b25e7658" executionId="808282f2-1326-4240-9980-36496742f53f" testListId="8c84fa94-04c1-424b-9868-57a2d4851a1d" />
    <TestEntry testId="5b87444b-a07e-7ba3-fdcc-b6c4ba1f9b0a" executionId="f573b0cf-a697-4aab-9331-1518899e748a" testListId="8c84fa94-04c1-424b-9868-57a2d4851a1d" />
    <TestEntry testId="6ea2aeb8-cb4d-d9df-cd3e-739851e60a2c" executionId="4c8f3463-7f6b-44d3-9f94-506e2f36c4b2" testListId="8c84fa94-04c1-424b-9868-57a2d4851a1d" />
    <TestEntry testId="c4739169-40a5-55fa-cf5c-7951bc54fa9b" executionId="fa84b17f-54d1-4efe-a132-2013f4d4670b" testListId="8c84fa94-04c1-424b-9868-57a2d4851a1d" />
    <TestEntry testId="6b8b80a9-33ce-dcb8-0668-e9e9cf161c73" executionId="80f23b4f-48d0-497c-a573-249f764e9d45" testListId="8c84fa94-04c1-424b-9868-57a2d4851a1d" />
    <TestEntry testId="353b0a2e-cd01-a0cd-1c34-ad6c1690a636" executionId="c81702f4-4bc1-4c4d-a737-9422fbef95af" testListId="8c84fa94-04c1-424b-9868-57a2d4851a1d" />
    <TestEntry testId="47651d43-dc2e-db27-1273-c893a8f7d738" executionId="823eddc5-5f9e-455e-8d2e-35a6addfa792" testListId="8c84fa94-04c1-424b-9868-57a2d4851a1d" />
    <TestEntry testId="55bfc73b-e07a-c3ab-5ccf-809e8bee09c2" executionId="756b95df-d071-401e-88aa-5c69ca0753fe" testListId="8c84fa94-04c1-424b-9868-57a2d4851a1d" />
    <TestEntry testId="aaaceb3a-c221-364c-dc5d-44bd9838dfaa" executionId="3b569ced-01d8-46e9-8a67-fbf1d82217e5" testListId="8c84fa94-04c1-424b-9868-57a2d4851a1d" />
    <TestEntry testId="7ae990ad-e3a4-c985-bc07-83d3e35f723d" executionId="aa680197-055d-48db-9c7f-680bd5f6265a" testListId="8c84fa94-04c1-424b-9868-57a2d4851a1d" />
    <TestEntry testId="a99058aa-5b0c-1d2e-5871-bada5aa27a1f" executionId="a8275f01-d78a-43a6-b32c-de8f80ac8e6a" testListId="8c84fa94-04c1-424b-9868-57a2d4851a1d" />
    <TestEntry testId="5ef257e5-e761-7618-e981-ead033c7978a" executionId="e1ae5b57-8636-4438-a1dc-0a2349266ae8" testListId="8c84fa94-04c1-424b-9868-57a2d4851a1d" />
    <TestEntry testId="46fb776e-9f92-0dc8-a4aa-66ca8effc894" executionId="1c238201-3a63-44b7-8b64-310d950cf176" testListId="8c84fa94-04c1-424b-9868-57a2d4851a1d" />
    <TestEntry testId="eb1f6a1f-fe20-34ae-4a03-45d5ac1fcd4c" executionId="88eb1bb5-0ea9-43aa-8995-d4274e7c1e92" testListId="8c84fa94-04c1-424b-9868-57a2d4851a1d" />
    <TestEntry testId="352f126e-7407-f197-a0c0-cbf589277771" executionId="c556059d-50aa-44c5-9749-d0a72a000541" testListId="8c84fa94-04c1-424b-9868-57a2d4851a1d" />
    <TestEntry testId="8b2250b3-0f1e-7788-5bb5-e65e5243ce8e" executionId="67c02094-1d4f-48fe-be9e-e2c68e1986dd" testListId="8c84fa94-04c1-424b-9868-57a2d4851a1d" />
    <TestEntry testId="d2707c42-9988-e247-e2a9-13e0d2671bf8" executionId="95a9caa1-db7c-4afa-b1ab-ee83246976bc" testListId="8c84fa94-04c1-424b-9868-57a2d4851a1d" />
    <TestEntry testId="a4866cef-6841-9281-2d3f-8ae642a04590" executionId="a346e2d7-2a90-4349-b7de-f572cd195315" testListId="8c84fa94-04c1-424b-9868-57a2d4851a1d" />
    <TestEntry testId="abd651c7-60b4-0b9c-e6e6-fb6a0515c0f1" executionId="f27cc48c-81a4-4110-acf5-7968b1f3e797" testListId="8c84fa94-04c1-424b-9868-57a2d4851a1d" />
  </TestEntries>
  <TestLists>
    <TestList name="Resultados que não estão em uma lista" id="8c84fa94-04c1-424b-9868-57a2d4851a1d" />
    <TestList name="Todos os resultados carregados" id="19431567-8539-422a-85d7-44ee4e166bda" />
  </TestLists>
  <ResultSummary outcome="Failed">
    <Counters total="50" executed="50" passed="48" failed="2" error="0" timeout="0" aborted="0" inconclusive="0" passedButRunAborted="0" notRunnable="0" notExecuted="0" disconnected="0" warning="0" completed="0" inProgress="0" pending="0" />
    <Output>
      <StdOut>[xUnit.net 00:00:00.00] xUnit.net VSTest Adapter v2.8.2+699d445a1a (64-bit .NET 10.0.3)&#xD;
[xUnit.net 00:00:00.04]   Discovering: Mediax.Tests&#xD;
[xUnit.net 00:00:00.08]   Discovered:  Mediax.Tests&#xD;
[xUnit.net 00:00:00.08]   Starting:    Mediax.Tests&#xD;
     Warning:&#xD;
     The component "Fluent Assertions" is governed by the rules defined in the Xceed License Agreement and&#xD;
     the Xceed Fluent Assertions Community License. You may use Fluent Assertions free of charge for&#xD;
     non-commercial use only. An active subscription is required to use Fluent Assertions for commercial use.&#xD;
     Please contact Xceed Sales mailto:sales@xceed.com to acquire a subscription at a very low cost.&#xD;
     A paid commercial license supports the development and continued increasing support of&#xD;
     Fluent Assertions users under both commercial and community licenses. Help us&#xD;
     keep Fluent Assertions at the forefront of unit testing.&#xD;
     For more information, visit https://xceed.com/products/unit-testing/fluent-assertions/&#xD;
[xUnit.net 00:00:00.28]       Expected method.GetCustomAttribute&lt;DebuggerStepThroughAttribute&gt;() to be &lt;null&gt; because Dispatch_TrackedScopedHandler should NOT have [DebuggerStepThrough] — it is a breakpoint target, but found System.Diagnostics.DebuggerStepThroughAttribute&#xD;
[xUnit.net 00:00:00.28]       {&#xD;
[xUnit.net 00:00:00.28]           TypeId = System.Diagnostics.DebuggerStepThroughAttribute&#xD;
[xUnit.net 00:00:00.28]       }.&#xD;
[xUnit.net 00:00:00.28]       Stack Trace:&#xD;
[xUnit.net 00:00:00.28]            at FluentAssertions.Execution.LateBoundTestFramework.Throw(String message)&#xD;
[xUnit.net 00:00:00.28]            at FluentAssertions.Execution.DefaultAssertionStrategy.HandleFailure(String message)&#xD;
[xUnit.net 00:00:00.28]            at FluentAssertions.Execution.AssertionScope.AddPreFormattedFailure(String formattedFailureMessage)&#xD;
[xUnit.net 00:00:00.28]            at FluentAssertions.Execution.AssertionChain.FailWith(Func`1 getFailureReason)&#xD;
[xUnit.net 00:00:00.28]            at FluentAssertions.Execution.AssertionChain.FailWith(Func`1 getFailureReason)&#xD;
[xUnit.net 00:00:00.28]            at FluentAssertions.Execution.AssertionChain.FailWith(String message, Object[] args)&#xD;
[xUnit.net 00:00:00.28]            at FluentAssertions.Primitives.ReferenceTypeAssertions`2.BeNull(String because, Object[] becauseArgs)&#xD;
[xUnit.net 00:00:00.28]         C:\Users\reichert\Desktop\mediax\tests\Mediax.Tests\DebugabilityTests.cs(110,0): at Mediax.Tests.DebugabilityTests.NamedDispatchMethods_DoNotHaveDebuggerStepThrough()&#xD;
[xUnit.net 00:00:00.28]            at System.Reflection.MethodBaseInvoker.InterpretedInvoke_Method(Object obj, IntPtr* args)&#xD;
[xUnit.net 00:00:00.28]            at System.Reflection.MethodBaseInvoker.InvokeWithNoArgs(Object obj, BindingFlags invokeAttr)&#xD;
[xUnit.net 00:00:00.28]       System.Reflection.AmbiguousMatchException : Multiple custom attributes of the same type 'System.Diagnostics.DebuggerStepThroughAttribute' found.&#xD;
[xUnit.net 00:00:00.28]       Stack Trace:&#xD;
[xUnit.net 00:00:00.28]            at System.Attribute.GetCustomAttribute(MemberInfo element, Type attributeType, Boolean inherit)&#xD;
[xUnit.net 00:00:00.28]            at System.Reflection.CustomAttributeExtensions.GetCustomAttribute[T](MemberInfo element)&#xD;
[xUnit.net 00:00:00.28]         C:\Users\reichert\Desktop\mediax\tests\Mediax.Tests\DebugabilityTests.cs(95,0): at Mediax.Tests.DebugabilityTests.PlumbingMethods_HaveDebuggerStepThroughAttribute(String methodName)&#xD;
[xUnit.net 00:00:00.28]            at InvokeStub_DebugabilityTests.PlumbingMethods_HaveDebuggerStepThroughAttribute(Object, Span`1)&#xD;
[xUnit.net 00:00:00.28]            at System.Reflection.MethodBaseInvoker.InvokeWithOneArg(Object obj, BindingFlags invokeAttr, Binder binder, Object[] parameters, CultureInfo culture)&#xD;
[xUnit.net 00:00:00.30]   Finished:    Mediax.Tests&#xD;
</StdOut>
    </Output>
    <RunInfos>
      <RunInfo computerName="DESKTOP-N1G2M77" outcome="Error" timestamp="2026-03-17T21:33:09.6931981-03:00">
        <Text>[xUnit.net 00:00:00.28]     Mediax.Tests.DebugabilityTests.NamedDispatchMethods_DoNotHaveDebuggerStepThrough [FAIL]</Text>
      </RunInfo>
      <RunInfo computerName="DESKTOP-N1G2M77" outcome="Error" timestamp="2026-03-17T21:33:09.7026973-03:00">
        <Text>[xUnit.net 00:00:00.28]     Mediax.Tests.DebugabilityTests.PlumbingMethods_HaveDebuggerStepThroughAttribute(methodName: "Publish") [FAIL]</Text>
      </RunInfo>
    </RunInfos>
  </ResultSummary>
</TestRun>