<?xml version="1.0" encoding="utf-8"?>
<TestRun id="d7a937ca-1fd5-4a15-b411-72a6568ed0d3" name="reichert@DESKTOP-N1G2M77 2026-03-17 22:00:03" runUser="DESKTOP-N1G2M77\reichert" xmlns="http://microsoft.com/schemas/VisualStudio/TeamTest/2010">
  <Times creation="2026-03-17T22:00:03.2162347-03:00" queuing="2026-03-17T22:00:03.2162349-03:00" start="2026-03-17T22:00:02.5986857-03:00" finish="2026-03-17T22:00:03.2282920-03:00" />
  <TestSettings name="default" id="3535d9b5-e84b-49d5-ab20-5c1627a4d162">
    <Deployment runDeploymentRoot="reichert_DESKTOP-N1G2M77_2026-03-17_22_00_03" />
  </TestSettings>
  <Results>
    <UnitTestResult executionId="fc0a6942-f487-443f-ba20-b38e26874d07" testId="352f126e-7407-f197-a0c0-cbf589277771" testName="Mediax.Tests.DebugabilityTests.NamedDispatchMethods_DoNotHaveDebuggerStepThrough" computerName="DESKTOP-N1G2M77" duration="00:00:00.0839363" startTime="2026-03-17T22:00:03.1411726-03:00" endTime="2026-03-17T22:00:03.1411866-03:00" testType="13cdc9d9-ddb5-4fa4-a97d-d965ccfc6d4b" outcome="Failed" testListId="8c84fa94-04c1-424b-9868-57a2d4851a1d" relativeResultsDirectory="fc0a6942-f487-443f-ba20-b38e26874d07">
      <Output>
        <ErrorInfo>
          <Message>Expected attributes to be empty because Dispatch_TrackedScopedHandler should NOT have [DebuggerStepThrough] — it is a breakpoint target, but found at least one item {&#xD;
    System.Diagnostics.DebuggerStepThroughAttribute&#xD;
    {&#xD;
        TypeId = System.Diagnostics.DebuggerStepThroughAttribute&#xD;
    }&#xD;
}.</Message>
          <StackTrace>   at FluentAssertions.Execution.LateBoundTestFramework.Throw(String message)&#xD;
   at FluentAssertions.Execution.DefaultAssertionStrategy.HandleFailure(String message)&#xD;
   at FluentAssertions.Execution.AssertionScope.AddPreFormattedFailure(String formattedFailureMessage)&#xD;
   at FluentAssertions.Execution.AssertionChain.FailWith(Func`1 getFailureReason)&#xD;
   at FluentAssertions.Execution.AssertionChain.FailWith(Func`1 getFailureReason)&#xD;
   at FluentAssertions.Execution.AssertionChain.FailWith(String message, Object[] args)&#xD;
   at FluentAssertions.Execution.GivenSelector`1.FailWith(String message, Object[] args)&#xD;
   at FluentAssertions.Collections.GenericCollectionAssertions`3.&lt;&gt;c__DisplayClass10_0.&lt;BeEmpty&gt;b__0(AssertionChain chain)&#xD;
   at FluentAssertions.Execution.AssertionChain.WithExpectation(String message, Action`1 chain, Object[] args)&#xD;
   at FluentAssertions.Execution.AssertionChain.WithExpectation(String message, Action`1 chain)&#xD;
   at FluentAssertions.Collections.GenericCollectionAssertions`3.BeEmpty(String because, Object[] becauseArgs)&#xD;
   at Mediax.Tests.DebugabilityTests.NamedDispatchMethods_DoNotHaveDebuggerStepThrough() in C:\Users\reichert\Desktop\mediax\tests\Mediax.Tests\DebugabilityTests.cs:line 115&#xD;
   at System.Reflection.MethodBaseInvoker.InterpretedInvoke_Method(Object obj, IntPtr* args)&#xD;
   at System.Reflection.MethodBaseInvoker.InvokeWithNoArgs(Object obj, BindingFlags invokeAttr)</StackTrace>
        </ErrorInfo>
      </Output>
    </UnitTestResult>
  </Results>
  <TestDefinitions>
    <UnitTest name="Mediax.Tests.DebugabilityTests.NamedDispatchMethods_DoNotHaveDebuggerStepThrough" storage="c:\users\reichert\desktop\mediax\tests\mediax.tests\bin\debug\net10.0\mediax.tests.dll" id="352f126e-7407-f197-a0c0-cbf589277771">
      <Execution id="fc0a6942-f487-443f-ba20-b38e26874d07" />
      <TestMethod codeBase="C:\Users\reichert\Desktop\mediax\tests\Mediax.Tests\bin\Debug\net10.0\Mediax.Tests.dll" adapterTypeName="executor://xunit/VsTestRunner2/netcoreapp" className="Mediax.Tests.DebugabilityTests" name="NamedDispatchMethods_DoNotHaveDebuggerStepThrough" />
    </UnitTest>
  </TestDefinitions>
  <TestEntries>
    <TestEntry testId="352f126e-7407-f197-a0c0-cbf589277771" executionId="fc0a6942-f487-443f-ba20-b38e26874d07" testListId="8c84fa94-04c1-424b-9868-57a2d4851a1d" />
  </TestEntries>
  <TestLists>
    <TestList name="Resultados que não estão em uma lista" id="8c84fa94-04c1-424b-9868-57a2d4851a1d" />
    <TestList name="Todos os resultados carregados" id="19431567-8539-422a-85d7-44ee4e166bda" />
  </TestLists>
  <ResultSummary outcome="Failed">
    <Counters total="1" executed="1" passed="0" failed="1" error="0" timeout="0" aborted="0" inconclusive="0" passedButRunAborted="0" notRunnable="0" notExecuted="0" disconnected="0" warning="0" completed="0" inProgress="0" pending="0" />
    <Output>
      <StdOut>[xUnit.net 00:00:00.00] xUnit.net VSTest Adapter v2.8.2+699d445a1a (64-bit .NET 10.0.3)&#xD;
[xUnit.net 00:00:00.09]   Discovering: Mediax.Tests&#xD;
[xUnit.net 00:00:00.12]   Discovered:  Mediax.Tests&#xD;
[xUnit.net 00:00:00.13]   Starting:    Mediax.Tests&#xD;
     Warning:&#xD;
     The component "Fluent Assertions" is governed by the rules defined in the Xceed License Agreement and&#xD;
     the Xceed Fluent Assertions Community License. You may use Fluent Assertions free of charge for&#xD;
     non-commercial use only. An active subscription is required to use Fluent Assertions for commercial use.&#xD;
     Please contact Xceed Sales mailto:sales@xceed.com to acquire a subscription at a very low cost.&#xD;
     A paid commercial license supports the development and continued increasing support of&#xD;
     Fluent Assertions users under both commercial and community licenses. Help us&#xD;
     keep Fluent Assertions at the forefront of unit testing.&#xD;
     For more information, visit https://xceed.com/products/unit-testing/fluent-assertions/&#xD;
[xUnit.net 00:00:00.24]       Expected attributes to be empty because Dispatch_TrackedScopedHandler should NOT have [DebuggerStepThrough] — it is a breakpoint target, but found at least one item {&#xD;
[xUnit.net 00:00:00.24]           System.Diagnostics.DebuggerStepThroughAttribute&#xD;
[xUnit.net 00:00:00.24]           {&#xD;
[xUnit.net 00:00:00.24]               TypeId = System.Diagnostics.DebuggerStepThroughAttribute&#xD;
[xUnit.net 00:00:00.24]           }&#xD;
[xUnit.net 00:00:00.24]       }.&#xD;
[xUnit.net 00:00:00.24]       Stack Trace:&#xD;
[xUnit.net 00:00:00.24]            at FluentAssertions.Execution.LateBoundTestFramework.Throw(String message)&#xD;
[xUnit.net 00:00:00.24]            at FluentAssertions.Execution.DefaultAssertionStrategy.HandleFailure(String message)&#xD;
[xUnit.net 00:00:00.24]            at FluentAssertions.Execution.AssertionScope.AddPreFormattedFailure(String formattedFailureMessage)&#xD;
[xUnit.net 00:00:00.24]            at FluentAssertions.Execution.AssertionChain.FailWith(Func`1 getFailureReason)&#xD;
[xUnit.net 00:00:00.24]            at FluentAssertions.Execution.AssertionChain.FailWith(Func`1 getFailureReason)&#xD;
[xUnit.net 00:00:00.24]            at FluentAssertions.Execution.AssertionChain.FailWith(String message, Object[] args)&#xD;
[xUnit.net 00:00:00.24]            at FluentAssertions.Execution.GivenSelector`1.FailWith(String message, Object[] args)&#xD;
[xUnit.net 00:00:00.24]            at FluentAssertions.Collections.GenericCollectionAssertions`3.&lt;&gt;c__DisplayClass10_0.&lt;BeEmpty&gt;b__0(AssertionChain chain)&#xD;
[xUnit.net 00:00:00.24]            at FluentAssertions.Execution.AssertionChain.WithExpectation(String message, Action`1 chain, Object[] args)&#xD;
[xUnit.net 00:00:00.24]            at FluentAssertions.Execution.AssertionChain.WithExpectation(String message, Action`1 chain)&#xD;
[xUnit.net 00:00:00.24]            at FluentAssertions.Collections.GenericCollectionAssertions`3.BeEmpty(String because, Object[] becauseArgs)&#xD;
[xUnit.net 00:00:00.24]         C:\Users\reichert\Desktop\mediax\tests\Mediax.Tests\DebugabilityTests.cs(115,0): at Mediax.Tests.DebugabilityTests.NamedDispatchMethods_DoNotHaveDebuggerStepThrough()&#xD;
[xUnit.net 00:00:00.24]            at System.Reflection.MethodBaseInvoker.InterpretedInvoke_Method(Object obj, IntPtr* args)&#xD;
[xUnit.net 00:00:00.24]            at System.Reflection.MethodBaseInvoker.InvokeWithNoArgs(Object obj, BindingFlags invokeAttr)&#xD;
[xUnit.net 00:00:00.25]   Finished:    Mediax.Tests&#xD;
</StdOut>
    </Output>
    <RunInfos>
      <RunInfo computerName="DESKTOP-N1G2M77" outcome="Error" timestamp="2026-03-17T22:00:03.1387555-03:00">
        <Text>[xUnit.net 00:00:00.24]     Mediax.Tests.DebugabilityTests.NamedDispatchMethods_DoNotHaveDebuggerStepThrough [FAIL]</Text>
      </RunInfo>
    </RunInfos>
  </ResultSummary>
</TestRun>